Using pre-set license
Built from '2022.3/release' branch; Version is '2022.3.12f1 (4fe6e059c7ef) revision 5236448'; Using compiler version '192829333'; Build Type 'Release'
OS: 'Windows 10  (10.0.19043) 64bit Professional' Language: 'ru' Physical Memory: 16314 MB
BatchMode: 1, IsHumanControllingUs: 0, StartBugReporterOnCrash: 0, Is64bit: 1, IsPro: 1

COMMAND LINE ARGUMENTS:
D:\UnityProgramm\2022.3.12f1\Editor\Unity.exe
-adb2
-batchMode
-noUpm
-name
AssetImportWorker1
-projectPath
E:/nukio_games/FNAF-Parkour/Фнаф паркур
-logFile
Logs/AssetImportWorker1.log
-srvPort
61637
Successfully changed project path to: E:/nukio_games/FNAF-Parkour/Фнаф паркур
E:/nukio_games/FNAF-Parkour/Фнаф паркур
[UnityMemory] Configuration Parameters - Can be set up in boot.config
    "memorysetup-bucket-allocator-granularity=16"
    "memorysetup-bucket-allocator-bucket-count=8"
    "memorysetup-bucket-allocator-block-size=33554432"
    "memorysetup-bucket-allocator-block-count=8"
    "memorysetup-main-allocator-block-size=16777216"
    "memorysetup-thread-allocator-block-size=16777216"
    "memorysetup-gfx-main-allocator-block-size=16777216"
    "memorysetup-gfx-thread-allocator-block-size=16777216"
    "memorysetup-cache-allocator-block-size=4194304"
    "memorysetup-typetree-allocator-block-size=2097152"
    "memorysetup-profiler-bucket-allocator-granularity=16"
    "memorysetup-profiler-bucket-allocator-bucket-count=8"
    "memorysetup-profiler-bucket-allocator-block-size=33554432"
    "memorysetup-profiler-bucket-allocator-block-count=8"
    "memorysetup-profiler-allocator-block-size=16777216"
    "memorysetup-profiler-editor-allocator-block-size=1048576"
    "memorysetup-temp-allocator-size-main=16777216"
    "memorysetup-job-temp-allocator-block-size=2097152"
    "memorysetup-job-temp-allocator-block-size-background=1048576"
    "memorysetup-job-temp-allocator-reduction-small-platforms=262144"
    "memorysetup-allocator-temp-initial-block-size-main=262144"
    "memorysetup-allocator-temp-initial-block-size-worker=262144"
    "memorysetup-temp-allocator-size-background-worker=32768"
    "memorysetup-temp-allocator-size-job-worker=262144"
    "memorysetup-temp-allocator-size-preload-manager=33554432"
    "memorysetup-temp-allocator-size-nav-mesh-worker=65536"
    "memorysetup-temp-allocator-size-audio-worker=65536"
    "memorysetup-temp-allocator-size-cloud-worker=32768"
    "memorysetup-temp-allocator-size-gi-baking-worker=262144"
    "memorysetup-temp-allocator-size-gfx=262144"
Player connection [18412] Host "[IP] 192.168.0.7 [Port] 0 [Flags] 2 [Guid] 3531724610 [EditorId] 3531724610 [Version] 1048832 [Id] WindowsEditor(7,HOME-PC) [Debug] 1 [PackageName] WindowsEditor [ProjectName] Editor" joined multi-casting on [225.0.0.222:54997]...

Player connection [18412] Host "[IP] 192.168.0.7 [Port] 0 [Flags] 2 [Guid] 3531724610 [EditorId] 3531724610 [Version] 1048832 [Id] WindowsEditor(7,HOME-PC) [Debug] 1 [PackageName] WindowsEditor [ProjectName] Editor" joined alternative multi-casting on [225.0.0.222:34997]...

[Physics::Module] Initialized MultithreadedJobDispatcher with 11 workers.
Refreshing native plugins compatible for Editor in 17.09 ms, found 3 plugins.
Preloading 0 native plugins for Editor in 0.00 ms.
Initialize engine version: 2022.3.12f1 (4fe6e059c7ef)
[Subsystems] Discovering subsystems at path D:/UnityProgramm/2022.3.12f1/Editor/Data/Resources/UnitySubsystems
[Subsystems] Discovering subsystems at path E:/nukio_games/FNAF-Parkour/Фнаф паркур/Assets
GfxDevice: creating device client; threaded=0; jobified=0
Direct3D:
    Version:  Direct3D 11.0 [level 11.1]
    Renderer: NVIDIA GeForce GTX 1660 (ID=0x2184)
    Vendor:   NVIDIA
    VRAM:     5980 MB
    Driver:   31.0.15.3742
Initialize mono
Mono path[0] = 'D:/UnityProgramm/2022.3.12f1/Editor/Data/Managed'
Mono path[1] = 'D:/UnityProgramm/2022.3.12f1/Editor/Data/MonoBleedingEdge/lib/mono/unityjit-win32'
Mono config path = 'D:/UnityProgramm/2022.3.12f1/Editor/Data/MonoBleedingEdge/etc'
Using monoOptions --debugger-agent=transport=dt_socket,embedding=1,server=y,suspend=n,address=127.0.0.1:56916
Begin MonoManager ReloadAssembly
Registering precompiled unity dll's ...
Register platform support module: D:/UnityProgramm/2022.3.12f1/Editor/Data/PlaybackEngines/WebGLSupport/UnityEditor.WebGL.Extensions.dll
Register platform support module: D:/UnityProgramm/2022.3.12f1/Editor/Data/PlaybackEngines/AndroidPlayer/UnityEditor.Android.Extensions.dll
Register platform support module: D:/UnityProgramm/2022.3.12f1/Editor/Data/PlaybackEngines/WindowsStandaloneSupport/UnityEditor.WindowsStandalone.Extensions.dll
Registered in 0.009880 seconds.
- Loaded All Assemblies, in  0.692 seconds
Native extension for WindowsStandalone target not found
Native extension for Android target not found
Android Extension - Scanning For ADB Devices 384 ms
Native extension for WebGL target not found
Mono: successfully reloaded assembly
- Finished resetting the current domain, in  0.879 seconds
Domain Reload Profiling: 1571ms
	BeginReloadAssembly (210ms)
		ExecutionOrderSort (0ms)
		DisableScriptedObjects (0ms)
		BackupInstance (0ms)
		ReleaseScriptingObjects (0ms)
		CreateAndSetChildDomain (2ms)
	RebuildCommonClasses (83ms)
	RebuildNativeTypeToScriptingClass (23ms)
	initialDomainReloadingComplete (114ms)
	LoadAllAssembliesAndSetupDomain (262ms)
		LoadAssemblies (210ms)
		RebuildTransferFunctionScriptingTraits (0ms)
		AnalyzeDomain (256ms)
			TypeCache.Refresh (254ms)
				TypeCache.ScanAssembly (235ms)
			ScanForSourceGeneratedMonoScriptInfo (1ms)
			ResolveRequiredComponents (1ms)
	FinalizeReload (880ms)
		ReleaseScriptCaches (0ms)
		RebuildScriptCaches (0ms)
		SetupLoadedEditorAssemblies (793ms)
			LogAssemblyErrors (0ms)
			InitializePlatformSupportModulesInManaged (556ms)
			SetLoadedEditorAssemblies (5ms)
			RefreshPlugins (0ms)
			BeforeProcessingInitializeOnLoad (3ms)
			ProcessInitializeOnLoadAttributes (163ms)
			ProcessInitializeOnLoadMethodAttributes (67ms)
			AfterProcessingInitializeOnLoad (0ms)
			EditorAssembliesLoaded (0ms)
		ExecutionOrderSort2 (0ms)
		AwakeInstancesAfterBackupRestoration (0ms)
========================================================================
Worker process is ready to serve import requests
Begin MonoManager ReloadAssembly
- Loaded All Assemblies, in  1.277 seconds
Refreshing native plugins compatible for Editor in 3.59 ms, found 3 plugins.
Native extension for WindowsStandalone target not found
Native extension for Android target not found
Native extension for WebGL target not found
Package Manager log level set to [2]
[Package Manager] Server::EnsureServerProcessIsRunning -- launch failed, reason: Unity was launched with the -noUpm command-line argument
[Package Manager] UpmClient::Send -- Unable to send message (not connected to UPM process).
[Package Manager] Cannot connect to Unity Package Manager local server
Mono: successfully reloaded assembly
- Finished resetting the current domain, in  1.321 seconds
Domain Reload Profiling: 2599ms
	BeginReloadAssembly (259ms)
		ExecutionOrderSort (0ms)
		DisableScriptedObjects (8ms)
		BackupInstance (0ms)
		ReleaseScriptingObjects (0ms)
		CreateAndSetChildDomain (39ms)
	RebuildCommonClasses (63ms)
	RebuildNativeTypeToScriptingClass (17ms)
	initialDomainReloadingComplete (68ms)
	LoadAllAssembliesAndSetupDomain (869ms)
		LoadAssemblies (549ms)
		RebuildTransferFunctionScriptingTraits (0ms)
		AnalyzeDomain (475ms)
			TypeCache.Refresh (418ms)
				TypeCache.ScanAssembly (385ms)
			ScanForSourceGeneratedMonoScriptInfo (38ms)
			ResolveRequiredComponents (16ms)
	FinalizeReload (1322ms)
		ReleaseScriptCaches (0ms)
		RebuildScriptCaches (0ms)
		SetupLoadedEditorAssemblies (1030ms)
			LogAssemblyErrors (0ms)
			InitializePlatformSupportModulesInManaged (37ms)
			SetLoadedEditorAssemblies (4ms)
			RefreshPlugins (0ms)
			BeforeProcessingInitializeOnLoad (106ms)
			ProcessInitializeOnLoadAttributes (539ms)
			ProcessInitializeOnLoadMethodAttributes (340ms)
			AfterProcessingInitializeOnLoad (3ms)
			EditorAssembliesLoaded (0ms)
		ExecutionOrderSort2 (0ms)
		AwakeInstancesAfterBackupRestoration (8ms)
Launched and connected shader compiler UnityShaderCompiler.exe after 0.06 seconds
Refreshing native plugins compatible for Editor in 3.63 ms, found 3 plugins.
Preloading 0 native plugins for Editor in 0.00 ms.
Unloading 6206 Unused Serialized files (Serialized files now loaded: 0)
Unloading 99 unused Assets / (3.6 MB). Loaded Objects now: 6673.
Memory consumption went from 290.4 MB to 286.8 MB.
Total: 6.144600 ms (FindLiveObjects: 0.775100 ms CreateObjectMapping: 0.436300 ms MarkObjects: 3.940800 ms  DeleteObjects: 0.990700 ms)

AssetImportParameters requested are different than current active one (requested -> active):
  custom:container-demuxer-ogg: 62fdf1f143b41e24485cea50d1cbac27 -> 
  custom:video-decoder-ogg-theora: a1e56fd34408186e4bbccfd4996cb3dc -> 
  custom:framework-win-MediaFoundation: 216162199b28c13a410421893ffa2e32 -> 
  custom:container-demuxer-webm: 4f35f7cbe854078d1ac9338744f61a02 -> 
  custom:container-muxer-webm: aa71ff27fc2769a1b78a27578f13a17b -> 
  custom:video-decoder-webm-vp8: 9c59270c3fd7afecdb556c50c9e8de78 -> 
  custom:SearchIndexIgnoredProperties: e643bd26f0fe6173181afceb89e7c659 -> 
  custom:AudioImporter_EditorPlatform: d09bf68614088b80899f8185d706f6e7 -> 
  custom:video-encoder-webm-vp8: eb34c28f22e8b96e1ab97ce403110664 -> 
  custom:audio-decoder-ogg-vorbis: bf7c407c2cedff20999df2af8eb42d56 -> 
  custom:audio-encoder-webm-vorbis: bf7c407c2cedff20999df2af8eb42d56 -> 
========================================================================
Received Prepare
Refreshing native plugins compatible for Editor in 3.45 ms, found 3 plugins.
Preloading 0 native plugins for Editor in 0.00 ms.
Unloading 22 Unused Serialized files (Serialized files now loaded: 0)
Unloading 22 unused Assets / (3.5 MB). Loaded Objects now: 6673.
Memory consumption went from 156.5 MB to 152.9 MB.
Total: 5.666700 ms (FindLiveObjects: 0.634000 ms CreateObjectMapping: 0.275300 ms MarkObjects: 3.777400 ms  DeleteObjects: 0.978900 ms)

Prepare: number of updated asset objects reloaded= 0
AssetImportParameters requested are different than current active one (requested -> active):
  custom:container-demuxer-ogg: 62fdf1f143b41e24485cea50d1cbac27 -> 
  custom:video-decoder-ogg-theora: a1e56fd34408186e4bbccfd4996cb3dc -> 
  custom:framework-win-MediaFoundation: 216162199b28c13a410421893ffa2e32 -> 
  custom:CustomObjectIndexerAttribute: 756ad292c208cfabdd7b50bc23989ffe -> 
  custom:container-demuxer-webm: 4f35f7cbe854078d1ac9338744f61a02 -> 
  custom:container-muxer-webm: aa71ff27fc2769a1b78a27578f13a17b -> 
  custom:video-decoder-webm-vp8: 9c59270c3fd7afecdb556c50c9e8de78 -> 
  custom:SearchIndexIgnoredProperties: e643bd26f0fe6173181afceb89e7c659 -> 
  custom:AudioImporter_EditorPlatform: d09bf68614088b80899f8185d706f6e7 -> 
  custom:video-encoder-webm-vp8: eb34c28f22e8b96e1ab97ce403110664 -> 
  custom:audio-decoder-ogg-vorbis: bf7c407c2cedff20999df2af8eb42d56 -> 
  custom:audio-encoder-webm-vorbis: bf7c407c2cedff20999df2af8eb42d56 -> 
========================================================================
Received Prepare
Begin MonoManager ReloadAssembly
- Loaded All Assemblies, in  0.638 seconds
Refreshing native plugins compatible for Editor in 3.73 ms, found 3 plugins.
Native extension for WindowsStandalone target not found
Native extension for Android target not found
Native extension for WebGL target not found
[ScriptCompilation] NOT recompiling all scripts because this is an import worker process. Reason to compile was: Define symbols changed
[Package Manager] Server::EnsureServerProcessIsRunning -- launch failed, reason: Unity was launched with the -noUpm command-line argument
[Package Manager] UpmClient::Send -- Unable to send message (not connected to UPM process).
[Package Manager] Cannot connect to Unity Package Manager local server
Mono: successfully reloaded assembly
- Finished resetting the current domain, in 65.920 seconds
Domain Reload Profiling: 66558ms
	BeginReloadAssembly (220ms)
		ExecutionOrderSort (0ms)
		DisableScriptedObjects (6ms)
		BackupInstance (0ms)
		ReleaseScriptingObjects (0ms)
		CreateAndSetChildDomain (52ms)
	RebuildCommonClasses (42ms)
	RebuildNativeTypeToScriptingClass (15ms)
	initialDomainReloadingComplete (32ms)
	LoadAllAssembliesAndSetupDomain (327ms)
		LoadAssemblies (360ms)
		RebuildTransferFunctionScriptingTraits (0ms)
		AnalyzeDomain (77ms)
			TypeCache.Refresh (13ms)
				TypeCache.ScanAssembly (1ms)
			ScanForSourceGeneratedMonoScriptInfo (49ms)
			ResolveRequiredComponents (14ms)
	FinalizeReload (65921ms)
		ReleaseScriptCaches (0ms)
		RebuildScriptCaches (0ms)
		SetupLoadedEditorAssemblies (580ms)
			LogAssemblyErrors (0ms)
			InitializePlatformSupportModulesInManaged (28ms)
			SetLoadedEditorAssemblies (4ms)
			RefreshPlugins (0ms)
			BeforeProcessingInitializeOnLoad (96ms)
			ProcessInitializeOnLoadAttributes (412ms)
			ProcessInitializeOnLoadMethodAttributes (37ms)
			AfterProcessingInitializeOnLoad (3ms)
			EditorAssembliesLoaded (0ms)
		ExecutionOrderSort2 (0ms)
		AwakeInstancesAfterBackupRestoration (54ms)
Refreshing native plugins compatible for Editor in 3.88 ms, found 3 plugins.
Preloading 0 native plugins for Editor in 0.00 ms.
Unloading 5935 Unused Serialized files (Serialized files now loaded: 0)
Unloading 74 unused Assets / (3.6 MB). Loaded Objects now: 6745.
Memory consumption went from 251.8 MB to 248.2 MB.
Total: 5.766100 ms (FindLiveObjects: 0.650900 ms CreateObjectMapping: 0.232600 ms MarkObjects: 3.804900 ms  DeleteObjects: 1.076300 ms)

Prepare: number of updated asset objects reloaded= 0
AssetImportParameters requested are different than current active one (requested -> active):
  custom:container-demuxer-ogg: 62fdf1f143b41e24485cea50d1cbac27 -> 
  custom:video-decoder-ogg-theora: a1e56fd34408186e4bbccfd4996cb3dc -> 
  custom:framework-win-MediaFoundation: 216162199b28c13a410421893ffa2e32 -> 
  custom:CustomObjectIndexerAttribute: 756ad292c208cfabdd7b50bc23989ffe -> 
  custom:container-demuxer-webm: 4f35f7cbe854078d1ac9338744f61a02 -> 
  custom:container-muxer-webm: aa71ff27fc2769a1b78a27578f13a17b -> 
  custom:video-decoder-webm-vp8: 9c59270c3fd7afecdb556c50c9e8de78 -> 
  custom:SearchIndexIgnoredProperties: e643bd26f0fe6173181afceb89e7c659 -> 
  custom:AudioImporter_EditorPlatform: d09bf68614088b80899f8185d706f6e7 -> 
  custom:video-encoder-webm-vp8: eb34c28f22e8b96e1ab97ce403110664 -> 
  custom:audio-decoder-ogg-vorbis: bf7c407c2cedff20999df2af8eb42d56 -> 
  custom:audio-encoder-webm-vorbis: bf7c407c2cedff20999df2af8eb42d56 -> 
========================================================================
Received Prepare
Begin MonoManager ReloadAssembly
- Loaded All Assemblies, in  0.712 seconds
Refreshing native plugins compatible for Editor in 3.40 ms, found 3 plugins.
Native extension for WindowsStandalone target not found
Native extension for Android target not found
Native extension for WebGL target not found
[ScriptCompilation] NOT recompiling all scripts because this is an import worker process. Reason to compile was: Define symbols changed
[Package Manager] Server::EnsureServerProcessIsRunning -- launch failed, reason: Unity was launched with the -noUpm command-line argument
[Package Manager] UpmClient::Send -- Unable to send message (not connected to UPM process).
[Package Manager] Cannot connect to Unity Package Manager local server
Mono: successfully reloaded assembly
- Finished resetting the current domain, in  1.449 seconds
Domain Reload Profiling: 2161ms
	BeginReloadAssembly (190ms)
		ExecutionOrderSort (0ms)
		DisableScriptedObjects (6ms)
		BackupInstance (0ms)
		ReleaseScriptingObjects (0ms)
		CreateAndSetChildDomain (49ms)
	RebuildCommonClasses (42ms)
	RebuildNativeTypeToScriptingClass (15ms)
	initialDomainReloadingComplete (31ms)
	LoadAllAssembliesAndSetupDomain (433ms)
		LoadAssemblies (325ms)
		RebuildTransferFunctionScriptingTraits (0ms)
		AnalyzeDomain (203ms)
			TypeCache.Refresh (162ms)
				TypeCache.ScanAssembly (148ms)
			ScanForSourceGeneratedMonoScriptInfo (25ms)
			ResolveRequiredComponents (14ms)
	FinalizeReload (1450ms)
		ReleaseScriptCaches (0ms)
		RebuildScriptCaches (0ms)
		SetupLoadedEditorAssemblies (522ms)
			LogAssemblyErrors (0ms)
			InitializePlatformSupportModulesInManaged (30ms)
			SetLoadedEditorAssemblies (4ms)
			RefreshPlugins (0ms)
			BeforeProcessingInitializeOnLoad (88ms)
			ProcessInitializeOnLoadAttributes (363ms)
			ProcessInitializeOnLoadMethodAttributes (35ms)
			AfterProcessingInitializeOnLoad (3ms)
			EditorAssembliesLoaded (0ms)
		ExecutionOrderSort2 (0ms)
		AwakeInstancesAfterBackupRestoration (51ms)
Refreshing native plugins compatible for Editor in 4.81 ms, found 3 plugins.
Preloading 0 native plugins for Editor in 0.00 ms.
Unloading 5928 Unused Serialized files (Serialized files now loaded: 0)
Unloading 75 unused Assets / (3.6 MB). Loaded Objects now: 6748.
Memory consumption went from 252.3 MB to 248.7 MB.
Total: 6.247000 ms (FindLiveObjects: 0.669700 ms CreateObjectMapping: 0.303300 ms MarkObjects: 4.080100 ms  DeleteObjects: 1.192800 ms)

Prepare: number of updated asset objects reloaded= 0
AssetImportParameters requested are different than current active one (requested -> active):
  custom:container-demuxer-ogg: 62fdf1f143b41e24485cea50d1cbac27 -> 
  custom:video-decoder-ogg-theora: a1e56fd34408186e4bbccfd4996cb3dc -> 
  custom:framework-win-MediaFoundation: 216162199b28c13a410421893ffa2e32 -> 
  custom:CustomObjectIndexerAttribute: 756ad292c208cfabdd7b50bc23989ffe -> 
  custom:container-demuxer-webm: 4f35f7cbe854078d1ac9338744f61a02 -> 
  custom:container-muxer-webm: aa71ff27fc2769a1b78a27578f13a17b -> 
  custom:video-decoder-webm-vp8: 9c59270c3fd7afecdb556c50c9e8de78 -> 
  custom:SearchIndexIgnoredProperties: e643bd26f0fe6173181afceb89e7c659 -> 
  custom:AudioImporter_EditorPlatform: d09bf68614088b80899f8185d706f6e7 -> 
  custom:video-encoder-webm-vp8: eb34c28f22e8b96e1ab97ce403110664 -> 
  custom:audio-decoder-ogg-vorbis: bf7c407c2cedff20999df2af8eb42d56 -> 
  custom:audio-encoder-webm-vorbis: bf7c407c2cedff20999df2af8eb42d56 -> 
========================================================================
Received Import Request.
  Time since last request: 80590.520260 seconds.
  path: Assets/Readme.asset
  artifactKey: Guid(7f2c382dc2c22446db59030979f6e495) Importer(2089858483,0ecaa5967403d082aa24f35e1b516d23)
Start importing Assets/Readme.asset using Guid(7f2c382dc2c22446db59030979f6e495) Importer(2089858483,0ecaa5967403d082aa24f35e1b516d23) Generated GUIDs only implemented for interfaces!
 -> (artifact id: '847beb60bedf7671126fbf40db6bc19e') in 0.219778 seconds
Number of updated asset objects reloaded before import = 0
Number of asset objects unloaded after import = 2
========================================================================
Received Import Request.
  Time since last request: 0.000025 seconds.
  path: Assets/YandexGame/ScriptsYG/Language Translation/UtilsLang.cs
  artifactKey: Guid(b5345671a46b35b499fb5bb465b2ab13) Importer(2089858483,0ecaa5967403d082aa24f35e1b516d23)
Start importing Assets/YandexGame/ScriptsYG/Language Translation/UtilsLang.cs using Guid(b5345671a46b35b499fb5bb465b2ab13) Importer(2089858483,0ecaa5967403d082aa24f35e1b516d23) Generated GUIDs only implemented for interfaces!
 -> (artifact id: '8595cc321519c6790a10e58f0349f648') in 0.014180 seconds
Number of updated asset objects reloaded before import = 0
Number of asset objects unloaded after import = 1
========================================================================
Received Import Request.
  Time since last request: 0.000029 seconds.
  path: Assets/YandexGame/WorkingData/SavesYG.cs
  artifactKey: Guid(7cd05ce482d4bd6469c360b48ca328d1) Importer(2089858483,0ecaa5967403d082aa24f35e1b516d23)
Start importing Assets/YandexGame/WorkingData/SavesYG.cs using Guid(7cd05ce482d4bd6469c360b48ca328d1) Importer(2089858483,0ecaa5967403d082aa24f35e1b516d23) Generated GUIDs only implemented for interfaces!
 -> (artifact id: 'a5658d5c6af578a5a799fa59627b13f0') in 0.011883 seconds
Number of updated asset objects reloaded before import = 0
Number of asset objects unloaded after import = 1
========================================================================
Received Import Request.
  Time since last request: 0.000038 seconds.
  path: Assets/WebGLTemplates/PluginYG/TemplateData/favicon.ico
  artifactKey: Guid(1ce94cffc93241c49af2672914d8fc71) Importer(2089858483,0ecaa5967403d082aa24f35e1b516d23)
Start importing Assets/WebGLTemplates/PluginYG/TemplateData/favicon.ico using Guid(1ce94cffc93241c49af2672914d8fc71) Importer(2089858483,0ecaa5967403d082aa24f35e1b516d23) Generated GUIDs only implemented for interfaces!
 -> (artifact id: 'b31c1fff5fb4ffa4e541813a763cb45c') in 0.010936 seconds
Number of updated asset objects reloaded before import = 0
Number of asset objects unloaded after import = 1
========================================================================
Received Import Request.
  Time since last request: 0.000018 seconds.
  path: Assets/YandexGame/Prefabs/Banners/RBT5.prefab
  artifactKey: Guid(780f984af9396004093c29d292cb6522) Importer(2089858483,0ecaa5967403d082aa24f35e1b516d23)
Start importing Assets/YandexGame/Prefabs/Banners/RBT5.prefab using Guid(780f984af9396004093c29d292cb6522) Importer(2089858483,0ecaa5967403d082aa24f35e1b516d23) Generated GUIDs only implemented for interfaces!
 -> (artifact id: '472a5c9ccf44d0f858c22cf1d2db70af') in 0.055666 seconds
Number of updated asset objects reloaded before import = 0
Number of asset objects unloaded after import = 12
========================================================================
Received Import Request.
  Time since last request: 0.000019 seconds.
  path: Assets/YandexGame/ScriptsYG/Leaderboard/LeaderboardYG.cs
  artifactKey: Guid(423e13a42d313f948a13bcedae13febe) Importer(2089858483,0ecaa5967403d082aa24f35e1b516d23)
Start importing Assets/YandexGame/ScriptsYG/Leaderboard/LeaderboardYG.cs using Guid(423e13a42d313f948a13bcedae13febe) Importer(2089858483,0ecaa5967403d082aa24f35e1b516d23) Generated GUIDs only implemented for interfaces!
 -> (artifact id: '06d6956b8f55edba48ca35b88529ce55') in 0.014820 seconds
Number of updated asset objects reloaded before import = 0
Number of asset objects unloaded after import = 2
========================================================================
Received Import Request.
  Time since last request: 0.000022 seconds.
  path: Assets/YandexGame/Manual RU PluginYG.pdf
  artifactKey: Guid(c321515e34753194db75ed17f3c14096) Importer(2089858483,0ecaa5967403d082aa24f35e1b516d23)
Start importing Assets/YandexGame/Manual RU PluginYG.pdf using Guid(c321515e34753194db75ed17f3c14096) Importer(2089858483,0ecaa5967403d082aa24f35e1b516d23) Generated GUIDs only implemented for interfaces!
 -> (artifact id: '7c0f544bbd8df77c6e65cdae817fe2d8') in 0.012157 seconds
Number of updated asset objects reloaded before import = 0
Number of asset objects unloaded after import = 1
========================================================================
Received Import Request.
  Time since last request: 0.000045 seconds.
  path: Assets/YandexGame/ScriptsYG/Payments/ConsumePurchasesYG.cs
  artifactKey: Guid(9c66d3ab56cc71745982569cb28c3dc3) Importer(2089858483,0ecaa5967403d082aa24f35e1b516d23)
Start importing Assets/YandexGame/ScriptsYG/Payments/ConsumePurchasesYG.cs using Guid(9c66d3ab56cc71745982569cb28c3dc3) Importer(2089858483,0ecaa5967403d082aa24f35e1b516d23) Generated GUIDs only implemented for interfaces!
 -> (artifact id: '016386c6be85227f5be6d6e138149af5') in 0.013651 seconds
Number of updated asset objects reloaded before import = 0
Number of asset objects unloaded after import = 2
========================================================================
Received Import Request.
  Time since last request: 0.000022 seconds.
  path: Assets/YandexGame/ScriptsYG/Editor/Icons/Icon_LeaderboardYG.png
  artifactKey: Guid(e16fc40d0b84db8449608d90fb1ea662) Importer(2089858483,0ecaa5967403d082aa24f35e1b516d23)
Start importing Assets/YandexGame/ScriptsYG/Editor/Icons/Icon_LeaderboardYG.png using Guid(e16fc40d0b84db8449608d90fb1ea662) Importer(2089858483,0ecaa5967403d082aa24f35e1b516d23) Generated GUIDs only implemented for interfaces!
 -> (artifact id: 'd5185c5ccc3a2b50080ac9267a9d78d7') in 0.072235 seconds
Number of updated asset objects reloaded before import = 0
Number of asset objects unloaded after import = 1
========================================================================
Received Import Request.
  Time since last request: 0.000065 seconds.
  path: Assets/YandexGame/ScriptsYG/Editor/PostProcessBuild/ArchivingBuild.cs
  artifactKey: Guid(8ae2063ae9af1c0418943542136f4ff1) Importer(2089858483,0ecaa5967403d082aa24f35e1b516d23)
Start importing Assets/YandexGame/ScriptsYG/Editor/PostProcessBuild/ArchivingBuild.cs using Guid(8ae2063ae9af1c0418943542136f4ff1) Importer(2089858483,0ecaa5967403d082aa24f35e1b516d23) Generated GUIDs only implemented for interfaces!
 -> (artifact id: '468517dfbce14202b3bda81c45e5f606') in 0.017414 seconds
Number of updated asset objects reloaded before import = 0
Number of asset objects unloaded after import = 1
========================================================================
Received Import Request.
  Time since last request: 0.000018 seconds.
  path: Assets/Settings/HDRPDefaultResources/HDRenderPipelineAsset.asset
  artifactKey: Guid(b9f3086da92434da0bc1518f19f0ce86) Importer(2089858483,0ecaa5967403d082aa24f35e1b516d23)
Start importing Assets/Settings/HDRPDefaultResources/HDRenderPipelineAsset.asset using Guid(b9f3086da92434da0bc1518f19f0ce86) Importer(2089858483,0ecaa5967403d082aa24f35e1b516d23) Generated GUIDs only implemented for interfaces!
 -> (artifact id: 'd3cb0a45898f6034cf51531602c84ffe') in 0.085021 seconds
Number of updated asset objects reloaded before import = 0
Number of asset objects unloaded after import = 1
========================================================================
Received Import Request.
  Time since last request: 0.000035 seconds.
  path: Assets/YandexGame/Fonts/LICENSE.txt
  artifactKey: Guid(2cb54250142e6e84c85b36d32fa1d995) Importer(2089858483,0ecaa5967403d082aa24f35e1b516d23)
Start importing Assets/YandexGame/Fonts/LICENSE.txt using Guid(2cb54250142e6e84c85b36d32fa1d995) Importer(2089858483,0ecaa5967403d082aa24f35e1b516d23) Generated GUIDs only implemented for interfaces!
 -> (artifact id: '8f47eeefe7d0f33d081f7d4f02fafeac') in 0.010889 seconds
Number of updated asset objects reloaded before import = 0
Number of asset objects unloaded after import = 1
========================================================================
Received Import Request.
  Time since last request: 0.000097 seconds.
  path: Assets/YandexGame/Prefabs/Banners/RBT4.prefab
  artifactKey: Guid(df1d07368962f8b428afd829280c0a18) Importer(2089858483,0ecaa5967403d082aa24f35e1b516d23)
Start importing Assets/YandexGame/Prefabs/Banners/RBT4.prefab using Guid(df1d07368962f8b428afd829280c0a18) Importer(2089858483,0ecaa5967403d082aa24f35e1b516d23) Generated GUIDs only implemented for interfaces!
 -> (artifact id: '38ec0d45fd3dadd18c33d740363d27c8') in 0.022004 seconds
Number of updated asset objects reloaded before import = 0
Number of asset objects unloaded after import = 12
========================================================================
Received Import Request.
  Time since last request: 0.000018 seconds.
  path: Assets/YandexGame/Prefabs/Leaderboards/Advanced LB Example.prefab
  artifactKey: Guid(7a0e0f424819ac940b2c0d1fbf7a0bea) Importer(2089858483,0ecaa5967403d082aa24f35e1b516d23)
Start importing Assets/YandexGame/Prefabs/Leaderboards/Advanced LB Example.prefab using Guid(7a0e0f424819ac940b2c0d1fbf7a0bea) Importer(2089858483,0ecaa5967403d082aa24f35e1b516d23) Generated GUIDs only implemented for interfaces!
 -> (artifact id: '07326adddf9216b439f3c96308412b47') in 0.039496 seconds
Number of updated asset objects reloaded before import = 0
Number of asset objects unloaded after import = 109
========================================================================
Received Import Request.
  Time since last request: 0.000020 seconds.
  path: Assets/YandexGame/Prefabs/GraphicsSettings.prefab
  artifactKey: Guid(96a4c910f8df9c948aecac7088022219) Importer(2089858483,0ecaa5967403d082aa24f35e1b516d23)
Start importing Assets/YandexGame/Prefabs/GraphicsSettings.prefab using Guid(96a4c910f8df9c948aecac7088022219) Importer(2089858483,0ecaa5967403d082aa24f35e1b516d23) Generated GUIDs only implemented for interfaces!
 -> (artifact id: '1c34e62724700e34abeb72ca9030ad0f') in 0.035709 seconds
Number of updated asset objects reloaded before import = 0
Number of asset objects unloaded after import = 55
========================================================================
Received Import Request.
  Time since last request: 0.000022 seconds.
  path: Assets/YandexGame/Prefabs/YandexGame.prefab
  artifactKey: Guid(caf9732433f4dc044845763962493607) Importer(2089858483,0ecaa5967403d082aa24f35e1b516d23)
Start importing Assets/YandexGame/Prefabs/YandexGame.prefab using Guid(caf9732433f4dc044845763962493607) Importer(2089858483,0ecaa5967403d082aa24f35e1b516d23) Generated GUIDs only implemented for interfaces!
 -> (artifact id: '37b1a6d851526c9b871728f1cc396ffa') in 0.026091 seconds
Number of updated asset objects reloaded before import = 0
Number of asset objects unloaded after import = 8
========================================================================
Received Import Request.
  Time since last request: 0.000031 seconds.
  path: Assets/YandexGame/ScriptsYG/UnityToolbag-main/ConditionallyVisiblePropertyDrawer/README.md
  artifactKey: Guid(559c5bd81792c9a4eb15022253c1c195) Importer(2089858483,0ecaa5967403d082aa24f35e1b516d23)
Start importing Assets/YandexGame/ScriptsYG/UnityToolbag-main/ConditionallyVisiblePropertyDrawer/README.md using Guid(559c5bd81792c9a4eb15022253c1c195) Importer(2089858483,0ecaa5967403d082aa24f35e1b516d23) Generated GUIDs only implemented for interfaces!
 -> (artifact id: 'd6f7b9f3341046693a6eab8900a00392') in 0.013023 seconds
Number of updated asset objects reloaded before import = 0
Number of asset objects unloaded after import = 1
========================================================================
Received Import Request.
  Time since last request: 0.000021 seconds.
  path: Assets/YandexGame/ScriptsYG/InfoYG/Editor/InfoYGEditor.cs
  artifactKey: Guid(7afd507869c31d941aef2149638e7a6a) Importer(2089858483,0ecaa5967403d082aa24f35e1b516d23)
Start importing Assets/YandexGame/ScriptsYG/InfoYG/Editor/InfoYGEditor.cs using Guid(7afd507869c31d941aef2149638e7a6a) Importer(2089858483,0ecaa5967403d082aa24f35e1b516d23) Generated GUIDs only implemented for interfaces!
 -> (artifact id: 'c4392e8b3d1d6073590bca640ca1c01e') in 0.013173 seconds
Number of updated asset objects reloaded before import = 0
Number of asset objects unloaded after import = 1
========================================================================
Received Import Request.
  Time since last request: 0.000107 seconds.
  path: Assets/YandexGame/ScriptsYG/Language Translation/Editor/AutoLocalizationMasseWindow.cs
  artifactKey: Guid(cbb854df4e27ef84a9a96d25f94d80f6) Importer(2089858483,0ecaa5967403d082aa24f35e1b516d23)
Start importing Assets/YandexGame/ScriptsYG/Language Translation/Editor/AutoLocalizationMasseWindow.cs using Guid(cbb854df4e27ef84a9a96d25f94d80f6) Importer(2089858483,0ecaa5967403d082aa24f35e1b516d23) Generated GUIDs only implemented for interfaces!
 -> (artifact id: 'a918284bf4926e665b7b6f878af4f5e9') in 0.014344 seconds
Number of updated asset objects reloaded before import = 0
Number of asset objects unloaded after import = 1
========================================================================
Received Import Request.
  Time since last request: 0.000020 seconds.
  path: Assets/YandexGame/Example/Scripts/OpenAuthorizationDialog.cs
  artifactKey: Guid(03d6155703367b243854979962e2d980) Importer(2089858483,0ecaa5967403d082aa24f35e1b516d23)
Start importing Assets/YandexGame/Example/Scripts/OpenAuthorizationDialog.cs using Guid(03d6155703367b243854979962e2d980) Importer(2089858483,0ecaa5967403d082aa24f35e1b516d23) Generated GUIDs only implemented for interfaces!
 -> (artifact id: '186cc6c8381ae27ad71cacf740232f87') in 0.012478 seconds
Number of updated asset objects reloaded before import = 0
Number of asset objects unloaded after import = 1
========================================================================
Received Import Request.
  Time since last request: 0.000017 seconds.
  path: Assets/YandexGame/ScriptsYG/Editor/Icons/Icon_DebuggingYG.png
  artifactKey: Guid(ec09b4864bb99a946aded3f84de2b893) Importer(2089858483,0ecaa5967403d082aa24f35e1b516d23)
Start importing Assets/YandexGame/ScriptsYG/Editor/Icons/Icon_DebuggingYG.png using Guid(ec09b4864bb99a946aded3f84de2b893) Importer(2089858483,0ecaa5967403d082aa24f35e1b516d23) Generated GUIDs only implemented for interfaces!
 -> (artifact id: 'ccb4769edfe78b7608b5778d0030272b') in 0.031244 seconds
Number of updated asset objects reloaded before import = 0
Number of asset objects unloaded after import = 1
========================================================================
Received Import Request.
  Time since last request: 0.000068 seconds.
  path: Assets/YandexGame/ScriptsYG/UnityToolbag-main/Notices.txt
  artifactKey: Guid(cc6e38c4bf37af648bb6cebdc6fec015) Importer(2089858483,0ecaa5967403d082aa24f35e1b516d23)
Start importing Assets/YandexGame/ScriptsYG/UnityToolbag-main/Notices.txt using Guid(cc6e38c4bf37af648bb6cebdc6fec015) Importer(2089858483,0ecaa5967403d082aa24f35e1b516d23) Generated GUIDs only implemented for interfaces!
 -> (artifact id: '2e68fabfdd8d91547c04516e994ddbc6') in 0.010983 seconds
Number of updated asset objects reloaded before import = 0
Number of asset objects unloaded after import = 1
========================================================================
Received Import Request.
  Time since last request: 0.000020 seconds.
  path: Assets/Settings/HDRP High Fidelity.asset
  artifactKey: Guid(36dd385e759c96147b6463dcd1149c11) Importer(2089858483,0ecaa5967403d082aa24f35e1b516d23)
Start importing Assets/Settings/HDRP High Fidelity.asset using Guid(36dd385e759c96147b6463dcd1149c11) Importer(2089858483,0ecaa5967403d082aa24f35e1b516d23) Generated GUIDs only implemented for interfaces!
 -> (artifact id: 'e70d0790243eabd32d188d2a40e7f2a7') in 0.051110 seconds
Number of updated asset objects reloaded before import = 0
Number of asset objects unloaded after import = 1
========================================================================
Received Import Request.
  Time since last request: 0.000127 seconds.
  path: Assets/YandexGame/Plugins/YandexMetricaPlugin.jslib
  artifactKey: Guid(8d9e67e1e25e5454ca1340244ca566b2) Importer(2089858483,0ecaa5967403d082aa24f35e1b516d23)
Start importing Assets/YandexGame/Plugins/YandexMetricaPlugin.jslib using Guid(8d9e67e1e25e5454ca1340244ca566b2) Importer(2089858483,0ecaa5967403d082aa24f35e1b516d23) Generated GUIDs only implemented for interfaces!
 -> (artifact id: '0334e79c40777cfa6676b43fc8307b3b') in 0.016059 seconds
Number of updated asset objects reloaded before import = 0
Number of asset objects unloaded after import = 1
========================================================================
Received Import Request.
  Time since last request: 0.000131 seconds.
  path: Assets/Settings/HDRPDefaultResources/DefaultLookDevProfile.asset
  artifactKey: Guid(4594f4a3fb14247e192bcca6dc23c8ed) Importer(2089858483,0ecaa5967403d082aa24f35e1b516d23)
Start importing Assets/Settings/HDRPDefaultResources/DefaultLookDevProfile.asset using Guid(4594f4a3fb14247e192bcca6dc23c8ed) Importer(2089858483,0ecaa5967403d082aa24f35e1b516d23) Generated GUIDs only implemented for interfaces!
 -> (artifact id: '69282de5a90c649ddff4a7eaf5d53bd4') in 0.012586 seconds
Number of updated asset objects reloaded before import = 0
Number of asset objects unloaded after import = 1
========================================================================
Received Import Request.
  Time since last request: 0.000023 seconds.
  path: Assets/YandexGame/ScriptsYG/Editor/PostProcessBuild/ModifyIndexFile/MetricaCounterID.cs
  artifactKey: Guid(9f2d5c90be1a1a7468062e9072e2d4ed) Importer(2089858483,0ecaa5967403d082aa24f35e1b516d23)
Start importing Assets/YandexGame/ScriptsYG/Editor/PostProcessBuild/ModifyIndexFile/MetricaCounterID.cs using Guid(9f2d5c90be1a1a7468062e9072e2d4ed) Importer(2089858483,0ecaa5967403d082aa24f35e1b516d23) Generated GUIDs only implemented for interfaces!
 -> (artifact id: 'd008e42b78061af07b33ffe9ec51abe5') in 0.012550 seconds
Number of updated asset objects reloaded before import = 0
Number of asset objects unloaded after import = 1
========================================================================
Received Import Request.
  Time since last request: 0.000087 seconds.
  path: Assets/YandexGame/ScriptsYG/Editor/PostProcessBuild/ModifyIndexFile/BuildLogYG.txt
  artifactKey: Guid(4eb989a8f9f54bb43b267187c060ef9e) Importer(2089858483,0ecaa5967403d082aa24f35e1b516d23)
Start importing Assets/YandexGame/ScriptsYG/Editor/PostProcessBuild/ModifyIndexFile/BuildLogYG.txt using Guid(4eb989a8f9f54bb43b267187c060ef9e) Importer(2089858483,0ecaa5967403d082aa24f35e1b516d23) Generated GUIDs only implemented for interfaces!
 -> (artifact id: 'a1135235e72e73591e0526d57506844b') in 0.010970 seconds
Number of updated asset objects reloaded before import = 0
Number of asset objects unloaded after import = 1
========================================================================
Received Import Request.
  Time since last request: 0.000099 seconds.
  path: Assets/YandexGame/ScriptsYG/Editor/PostProcessBuild/ModifyIndexFile/SaveQuitGame.cs
  artifactKey: Guid(29322db095bda6a4b9f2c4d4019fdf8a) Importer(2089858483,0ecaa5967403d082aa24f35e1b516d23)
Start importing Assets/YandexGame/ScriptsYG/Editor/PostProcessBuild/ModifyIndexFile/SaveQuitGame.cs using Guid(29322db095bda6a4b9f2c4d4019fdf8a) Importer(2089858483,0ecaa5967403d082aa24f35e1b516d23) Generated GUIDs only implemented for interfaces!
 -> (artifact id: '555ec9a13d9ef5cb9228b2a39e8e4c43') in 0.013163 seconds
Number of updated asset objects reloaded before import = 0
Number of asset objects unloaded after import = 1
========================================================================
Received Import Request.
  Time since last request: 0.000066 seconds.
  path: Assets/YandexGame/ScriptsYG/Editor/PostProcessBuild/ModifyIndexFile/MetricaDonor.html
  artifactKey: Guid(b77bfc70153c2044982ff2f41728dab0) Importer(2089858483,0ecaa5967403d082aa24f35e1b516d23)
Start importing Assets/YandexGame/ScriptsYG/Editor/PostProcessBuild/ModifyIndexFile/MetricaDonor.html using Guid(b77bfc70153c2044982ff2f41728dab0) Importer(2089858483,0ecaa5967403d082aa24f35e1b516d23) Generated GUIDs only implemented for interfaces!
 -> (artifact id: 'cf792a40d358edd9e91071cbd61076f1') in 0.011451 seconds
Number of updated asset objects reloaded before import = 0
Number of asset objects unloaded after import = 1
========================================================================
Received Import Request.
  Time since last request: 0.000064 seconds.
  path: Assets/TutorialInfo/Icons/HDRP.png
  artifactKey: Guid(d19680cd422524695938fbe55cc3b3bd) Importer(2089858483,0ecaa5967403d082aa24f35e1b516d23)
Start importing Assets/TutorialInfo/Icons/HDRP.png using Guid(d19680cd422524695938fbe55cc3b3bd) Importer(2089858483,0ecaa5967403d082aa24f35e1b516d23) Generated GUIDs only implemented for interfaces!
 -> (artifact id: 'd82ca4188a3044b724799385a7924032') in 0.029434 seconds
Number of updated asset objects reloaded before import = 0
Number of asset objects unloaded after import = 1
========================================================================
Received Import Request.
  Time since last request: 0.000109 seconds.
  path: Assets/YandexGame/Example/Scenes/ExampleYG_Two/LightingData.asset
  artifactKey: Guid(291ef8d1741f07247bdef5fad7c1d3ff) Importer(2089858483,0ecaa5967403d082aa24f35e1b516d23)
Start importing Assets/YandexGame/Example/Scenes/ExampleYG_Two/LightingData.asset using Guid(291ef8d1741f07247bdef5fad7c1d3ff) Importer(2089858483,0ecaa5967403d082aa24f35e1b516d23) Generated GUIDs only implemented for interfaces!
 -> (artifact id: '3d3cc16e7d00657abc3605b3a3131620') in 0.013807 seconds
Number of updated asset objects reloaded before import = 0
Number of asset objects unloaded after import = 2
========================================================================
Received Import Request.
  Time since last request: 0.000025 seconds.
  path: Assets/TutorialInfo/Icons/Help_Icon.png
  artifactKey: Guid(9266273b8f123004195741f969177dda) Importer(2089858483,0ecaa5967403d082aa24f35e1b516d23)
Start importing Assets/TutorialInfo/Icons/Help_Icon.png using Guid(9266273b8f123004195741f969177dda) Importer(2089858483,0ecaa5967403d082aa24f35e1b516d23) Generated GUIDs only implemented for interfaces!
 -> (artifact id: 'f06af601b3ed530f4c40d011a841bd06') in 0.038790 seconds
Number of updated asset objects reloaded before import = 0
Number of asset objects unloaded after import = 1
========================================================================
Received Import Request.
  Time since last request: 0.000034 seconds.
  path: Assets/YandexGame/ScriptsYG/UnityToolbag-main/ConditionallyVisiblePropertyDrawer/Editor/ConditionallyVisiblePropertyDrawer.cs
  artifactKey: Guid(7eb8ce83e64b8164b8b78eb15029326d) Importer(2089858483,0ecaa5967403d082aa24f35e1b516d23)
Start importing Assets/YandexGame/ScriptsYG/UnityToolbag-main/ConditionallyVisiblePropertyDrawer/Editor/ConditionallyVisiblePropertyDrawer.cs using Guid(7eb8ce83e64b8164b8b78eb15029326d) Importer(2089858483,0ecaa5967403d082aa24f35e1b516d23) Generated GUIDs only implemented for interfaces!
 -> (artifact id: '76cb80b912c083b16d588ff4da048afa') in 0.012897 seconds
Number of updated asset objects reloaded before import = 0
Number of asset objects unloaded after import = 1
========================================================================
Received Import Request.
  Time since last request: 0.000021 seconds.
  path: Assets/YandexGame/Example/Content/Textures/DebugViewingRender.renderTexture
  artifactKey: Guid(4d24706698c829a46a56d8fa7d7b21c2) Importer(2089858483,0ecaa5967403d082aa24f35e1b516d23)
Start importing Assets/YandexGame/Example/Content/Textures/DebugViewingRender.renderTexture using Guid(4d24706698c829a46a56d8fa7d7b21c2) Importer(2089858483,0ecaa5967403d082aa24f35e1b516d23) Generated GUIDs only implemented for interfaces!
 -> (artifact id: 'f84a92986c1d729e3098c853f758df17') in 0.021346 seconds
Number of updated asset objects reloaded before import = 0
Number of asset objects unloaded after import = 1
========================================================================
Received Import Request.
  Time since last request: 0.000073 seconds.
  path: Assets/YandexGame/ScriptsYG/Editor/Icons/Icon_PaymentsYG.png
  artifactKey: Guid(885fc8126fadeaa4680b0adb9f3120b5) Importer(2089858483,0ecaa5967403d082aa24f35e1b516d23)
Start importing Assets/YandexGame/ScriptsYG/Editor/Icons/Icon_PaymentsYG.png using Guid(885fc8126fadeaa4680b0adb9f3120b5) Importer(2089858483,0ecaa5967403d082aa24f35e1b516d23) Generated GUIDs only implemented for interfaces!
 -> (artifact id: '4484effcac8722bbd46ea6b7dd2bd0c8') in 0.027858 seconds
Number of updated asset objects reloaded before import = 0
Number of asset objects unloaded after import = 1
========================================================================
Received Import Request.
  Time since last request: 0.000078 seconds.
  path: Assets/YandexGame/ScriptsYG/Editor/Icons/Icon_ScriptYG.png
  artifactKey: Guid(ebf62c4a754356d43b603c1eb10ce8b5) Importer(2089858483,0ecaa5967403d082aa24f35e1b516d23)
Start importing Assets/YandexGame/ScriptsYG/Editor/Icons/Icon_ScriptYG.png using Guid(ebf62c4a754356d43b603c1eb10ce8b5) Importer(2089858483,0ecaa5967403d082aa24f35e1b516d23) Generated GUIDs only implemented for interfaces!
 -> (artifact id: '5bf9aa52046eed5db8ef5ea70234ab05') in 0.029015 seconds
Number of updated asset objects reloaded before import = 0
Number of asset objects unloaded after import = 1
========================================================================
Received Import Request.
  Time since last request: 0.000023 seconds.
  path: Assets/YandexGame/ScriptsYG/ViewingAdsYG.cs
  artifactKey: Guid(7a5b227a20855044e9f75626696e0719) Importer(2089858483,0ecaa5967403d082aa24f35e1b516d23)
Start importing Assets/YandexGame/ScriptsYG/ViewingAdsYG.cs using Guid(7a5b227a20855044e9f75626696e0719) Importer(2089858483,0ecaa5967403d082aa24f35e1b516d23) Generated GUIDs only implemented for interfaces!
 -> (artifact id: '6f743c8ff1b0a45a4ec40690f2e06e52') in 0.014599 seconds
Number of updated asset objects reloaded before import = 0
Number of asset objects unloaded after import = 2
========================================================================
Received Import Request.
  Time since last request: 0.000028 seconds.
  path: Assets/YandexGame/Example/Scenes/ExampleYG/LightingData.asset
  artifactKey: Guid(beef39281e0faf34daf1bc42eacb901f) Importer(2089858483,0ecaa5967403d082aa24f35e1b516d23)
Start importing Assets/YandexGame/Example/Scenes/ExampleYG/LightingData.asset using Guid(beef39281e0faf34daf1bc42eacb901f) Importer(2089858483,0ecaa5967403d082aa24f35e1b516d23) Generated GUIDs only implemented for interfaces!
 -> (artifact id: '56f73c08d1758a48eae24dc6f9edb13b') in 0.012486 seconds
Number of updated asset objects reloaded before import = 0
Number of asset objects unloaded after import = 2
========================================================================
Received Import Request.
  Time since last request: 0.000019 seconds.
  path: Assets/YandexGame/ScriptsYG/CustomRBT/BannerYG.cs
  artifactKey: Guid(46beb293269f8f54db8c285802bf8e42) Importer(2089858483,0ecaa5967403d082aa24f35e1b516d23)
Start importing Assets/YandexGame/ScriptsYG/CustomRBT/BannerYG.cs using Guid(46beb293269f8f54db8c285802bf8e42) Importer(2089858483,0ecaa5967403d082aa24f35e1b516d23) Generated GUIDs only implemented for interfaces!
 -> (artifact id: '65772828abb6bdf41911b2097fc112f1') in 0.012725 seconds
Number of updated asset objects reloaded before import = 0
Number of asset objects unloaded after import = 2
========================================================================
Received Import Request.
  Time since last request: 0.000024 seconds.
  path: Assets/WebGLTemplates/PluginYG/background.jpg
  artifactKey: Guid(dd7d27b2846a6ce40a7c5677c037d720) Importer(2089858483,0ecaa5967403d082aa24f35e1b516d23)
Start importing Assets/WebGLTemplates/PluginYG/background.jpg using Guid(dd7d27b2846a6ce40a7c5677c037d720) Importer(2089858483,0ecaa5967403d082aa24f35e1b516d23) Generated GUIDs only implemented for interfaces!
 -> (artifact id: 'da685e44c40954b4acb1e1d41f51541e') in 0.010446 seconds
Number of updated asset objects reloaded before import = 0
Number of asset objects unloaded after import = 1
========================================================================
Received Import Request.
  Time since last request: 0.000085 seconds.
  path: Assets/YandexGame/ScriptsYG/Editor/PostProcessBuild/ModifyIndexFile/AdWhenLoadingGame.cs
  artifactKey: Guid(5f42895cd7404fd4a938788acba51372) Importer(2089858483,0ecaa5967403d082aa24f35e1b516d23)
Start importing Assets/YandexGame/ScriptsYG/Editor/PostProcessBuild/ModifyIndexFile/AdWhenLoadingGame.cs using Guid(5f42895cd7404fd4a938788acba51372) Importer(2089858483,0ecaa5967403d082aa24f35e1b516d23) Generated GUIDs only implemented for interfaces!
 -> (artifact id: '02240c4541fb4655249bb65541f166ef') in 0.016950 seconds
Number of updated asset objects reloaded before import = 0
Number of asset objects unloaded after import = 1
========================================================================
Received Import Request.
  Time since last request: 0.000070 seconds.
  path: Assets/YandexGame/ScriptsYG/ImageLoadYG.cs
  artifactKey: Guid(e48d8d781d3e59d409adef5e128d2b04) Importer(2089858483,0ecaa5967403d082aa24f35e1b516d23)
Start importing Assets/YandexGame/ScriptsYG/ImageLoadYG.cs using Guid(e48d8d781d3e59d409adef5e128d2b04) Importer(2089858483,0ecaa5967403d082aa24f35e1b516d23) Generated GUIDs only implemented for interfaces!
 -> (artifact id: '477fbc12d5fb64ff52cea8fa2a5ea781') in 0.013919 seconds
Number of updated asset objects reloaded before import = 0
Number of asset objects unloaded after import = 2
========================================================================
Received Import Request.
  Time since last request: 0.000023 seconds.
  path: Assets/YandexGame/Example/Scenes/LightingSettingsYGExample.lighting
  artifactKey: Guid(f11acf94a309a33448aca1ae885164fc) Importer(2089858483,0ecaa5967403d082aa24f35e1b516d23)
Start importing Assets/YandexGame/Example/Scenes/LightingSettingsYGExample.lighting using Guid(f11acf94a309a33448aca1ae885164fc) Importer(2089858483,0ecaa5967403d082aa24f35e1b516d23) Generated GUIDs only implemented for interfaces!
 -> (artifact id: '8a22c40a1defb23cc2737f4fcc0abf31') in 0.027316 seconds
Number of updated asset objects reloaded before import = 0
Number of asset objects unloaded after import = 1
========================================================================
Received Import Request.
  Time since last request: 0.000046 seconds.
  path: Assets/YandexGame/ScriptsYG/Language Translation/Editor/FontMasseInstallEditorWindow.cs
  artifactKey: Guid(6410cefd485c7db448aafd6f75f12fd8) Importer(2089858483,0ecaa5967403d082aa24f35e1b516d23)
Start importing Assets/YandexGame/ScriptsYG/Language Translation/Editor/FontMasseInstallEditorWindow.cs using Guid(6410cefd485c7db448aafd6f75f12fd8) Importer(2089858483,0ecaa5967403d082aa24f35e1b516d23) Generated GUIDs only implemented for interfaces!
 -> (artifact id: '42e5f861dec5f4ae12f9e404dcef2535') in 0.011784 seconds
Number of updated asset objects reloaded before import = 0
Number of asset objects unloaded after import = 1
========================================================================
Received Import Request.
  Time since last request: 0.000032 seconds.
  path: Assets/Settings/HDRP Performant.asset
  artifactKey: Guid(168a2336534e4e043b2a210b6f8d379a) Importer(2089858483,0ecaa5967403d082aa24f35e1b516d23)
Start importing Assets/Settings/HDRP Performant.asset using Guid(168a2336534e4e043b2a210b6f8d379a) Importer(2089858483,0ecaa5967403d082aa24f35e1b516d23) Generated GUIDs only implemented for interfaces!
 -> (artifact id: 'aa4428d791947bd9348622051693aea8') in 0.057448 seconds
Number of updated asset objects reloaded before import = 0
Number of asset objects unloaded after import = 1
========================================================================
Received Import Request.
  Time since last request: 0.000018 seconds.
  path: Assets/YandexGame/Example/Scripts/LanguageExample.cs
  artifactKey: Guid(ff5483d3f3099bb46af519e62247b656) Importer(2089858483,0ecaa5967403d082aa24f35e1b516d23)
Start importing Assets/YandexGame/Example/Scripts/LanguageExample.cs using Guid(ff5483d3f3099bb46af519e62247b656) Importer(2089858483,0ecaa5967403d082aa24f35e1b516d23) Generated GUIDs only implemented for interfaces!
 -> (artifact id: '3379ea5c78f2f7f857d3cdb0f1252484') in 0.013080 seconds
Number of updated asset objects reloaded before import = 0
Number of asset objects unloaded after import = 1
========================================================================
Received Import Request.
  Time since last request: 0.000036 seconds.
  path: Assets/YandexGame/ScriptsYG/Editor/Icons/Icon_ReviewYG.png
  artifactKey: Guid(784e930cc8dc26a49b42086686c26616) Importer(2089858483,0ecaa5967403d082aa24f35e1b516d23)
Start importing Assets/YandexGame/ScriptsYG/Editor/Icons/Icon_ReviewYG.png using Guid(784e930cc8dc26a49b42086686c26616) Importer(2089858483,0ecaa5967403d082aa24f35e1b516d23) Generated GUIDs only implemented for interfaces!
 -> (artifact id: '6bb80737703adb747961c7839640a8e6') in 0.030474 seconds
Number of updated asset objects reloaded before import = 0
Number of asset objects unloaded after import = 1
========================================================================
Received Import Request.
  Time since last request: 0.000091 seconds.
  path: Assets/YandexGame/Prefabs/GetPlayerYG.prefab
  artifactKey: Guid(2ec135cc55d81a047909558246ef6ae6) Importer(2089858483,0ecaa5967403d082aa24f35e1b516d23)
Start importing Assets/YandexGame/Prefabs/GetPlayerYG.prefab using Guid(2ec135cc55d81a047909558246ef6ae6) Importer(2089858483,0ecaa5967403d082aa24f35e1b516d23) Generated GUIDs only implemented for interfaces!
 -> (artifact id: '0193012e463af970597986f4a1bace2b') in 0.016297 seconds
Number of updated asset objects reloaded before import = 0
Number of asset objects unloaded after import = 25
========================================================================
Received Import Request.
  Time since last request: 0.000018 seconds.
  path: Assets/YandexGame/ScriptsYG/Leaderboard/UtilsLB.cs
  artifactKey: Guid(b0c03e5aaed517748a16d944115fccc9) Importer(2089858483,0ecaa5967403d082aa24f35e1b516d23)
Start importing Assets/YandexGame/ScriptsYG/Leaderboard/UtilsLB.cs using Guid(b0c03e5aaed517748a16d944115fccc9) Importer(2089858483,0ecaa5967403d082aa24f35e1b516d23) Generated GUIDs only implemented for interfaces!
 -> (artifact id: '2a3ce181d63e818dccc3183f446e7546') in 0.016050 seconds
Number of updated asset objects reloaded before import = 0
Number of asset objects unloaded after import = 1
========================================================================
Received Import Request.
  Time since last request: 0.000118 seconds.
  path: Assets/YandexGame/ScriptsYG/ForVisualScriptYG.cs
  artifactKey: Guid(2600394ff637ed94aa89cbc5674ef071) Importer(2089858483,0ecaa5967403d082aa24f35e1b516d23)
Start importing Assets/YandexGame/ScriptsYG/ForVisualScriptYG.cs using Guid(2600394ff637ed94aa89cbc5674ef071) Importer(2089858483,0ecaa5967403d082aa24f35e1b516d23) Generated GUIDs only implemented for interfaces!
 -> (artifact id: '5703a77fed602d6523edbc8a9903cc2d') in 0.015198 seconds
Number of updated asset objects reloaded before import = 0
Number of asset objects unloaded after import = 2
========================================================================
Received Import Request.
  Time since last request: 0.000020 seconds.
  path: Assets/YandexGame/ScriptsYG/Editor/Icons/Icon_InfoYG.png
  artifactKey: Guid(f4d9fe1d9c1e81d44b3e3bedafeb4d6b) Importer(2089858483,0ecaa5967403d082aa24f35e1b516d23)
Start importing Assets/YandexGame/ScriptsYG/Editor/Icons/Icon_InfoYG.png using Guid(f4d9fe1d9c1e81d44b3e3bedafeb4d6b) Importer(2089858483,0ecaa5967403d082aa24f35e1b516d23) Generated GUIDs only implemented for interfaces!
 -> (artifact id: 'e836a983d603b732a081435a6619459e') in 0.032846 seconds
Number of updated asset objects reloaded before import = 0
Number of asset objects unloaded after import = 1
========================================================================
Received Import Request.
  Time since last request: 0.000024 seconds.
  path: Assets/YandexGame/ScriptsYG/Editor/PostProcessBuild/PostProcessBuild.cs
  artifactKey: Guid(c4ce61f13f3e1474682e29f60bb05390) Importer(2089858483,0ecaa5967403d082aa24f35e1b516d23)
Start importing Assets/YandexGame/ScriptsYG/Editor/PostProcessBuild/PostProcessBuild.cs using Guid(c4ce61f13f3e1474682e29f60bb05390) Importer(2089858483,0ecaa5967403d082aa24f35e1b516d23) Generated GUIDs only implemented for interfaces!
 -> (artifact id: '6cd6eda8b5729c85f793ba53d1e3fc95') in 0.013937 seconds
Number of updated asset objects reloaded before import = 0
Number of asset objects unloaded after import = 1
========================================================================
Received Import Request.
  Time since last request: 0.000025 seconds.
  path: Assets/YandexGame/ScriptsYG/Language Translation/Editor/CSVFileEditorWindow.cs
  artifactKey: Guid(27ee5bc42915ab54da807b1e05eba505) Importer(2089858483,0ecaa5967403d082aa24f35e1b516d23)
Start importing Assets/YandexGame/ScriptsYG/Language Translation/Editor/CSVFileEditorWindow.cs using Guid(27ee5bc42915ab54da807b1e05eba505) Importer(2089858483,0ecaa5967403d082aa24f35e1b516d23) Generated GUIDs only implemented for interfaces!
 -> (artifact id: '4461eac34863014c7880b725cce6ca93') in 0.014824 seconds
Number of updated asset objects reloaded before import = 0
Number of asset objects unloaded after import = 1
========================================================================
Received Import Request.
  Time since last request: 0.000052 seconds.
  path: Assets/WebGLTemplates/PluginYG/logo.png
  artifactKey: Guid(6f4caa9335e88984cad712cb69df7ebb) Importer(2089858483,0ecaa5967403d082aa24f35e1b516d23)
Start importing Assets/WebGLTemplates/PluginYG/logo.png using Guid(6f4caa9335e88984cad712cb69df7ebb) Importer(2089858483,0ecaa5967403d082aa24f35e1b516d23) Generated GUIDs only implemented for interfaces!
 -> (artifact id: '4f2b8745faf3c592025d91b137625b30') in 0.014259 seconds
Number of updated asset objects reloaded before import = 0
Number of asset objects unloaded after import = 1
========================================================================
Received Import Request.
  Time since last request: 0.000097 seconds.
  path: Assets/YandexGame/ScriptsYG/Editor/CreateYandexGameEditor.cs
  artifactKey: Guid(6b79d62e3e8af294e95683c03e2eb5fd) Importer(2089858483,0ecaa5967403d082aa24f35e1b516d23)
Start importing Assets/YandexGame/ScriptsYG/Editor/CreateYandexGameEditor.cs using Guid(6b79d62e3e8af294e95683c03e2eb5fd) Importer(2089858483,0ecaa5967403d082aa24f35e1b516d23) Generated GUIDs only implemented for interfaces!
 -> (artifact id: '9df49546dbd38c971e3f547072622788') in 0.016195 seconds
Number of updated asset objects reloaded before import = 0
Number of asset objects unloaded after import = 1
========================================================================
Received Import Request.
  Time since last request: 0.000035 seconds.
  path: Assets/YandexGame/Prefabs/Leaderboards/LBPlayerData.prefab
  artifactKey: Guid(c66c7bac89f010b47979344bbb77584b) Importer(2089858483,0ecaa5967403d082aa24f35e1b516d23)
Start importing Assets/YandexGame/Prefabs/Leaderboards/LBPlayerData.prefab using Guid(c66c7bac89f010b47979344bbb77584b) Importer(2089858483,0ecaa5967403d082aa24f35e1b516d23) Generated GUIDs only implemented for interfaces!
 -> (artifact id: 'b68041fd9267b4c719073c1655cdba61') in 0.022134 seconds
Number of updated asset objects reloaded before import = 0
Number of asset objects unloaded after import = 52
========================================================================
Received Import Request.
  Time since last request: 0.000020 seconds.
  path: Assets/YandexGame/Example/Scripts/DebugViewing.cs
  artifactKey: Guid(a21868984234d1445a9f3585607e3804) Importer(2089858483,0ecaa5967403d082aa24f35e1b516d23)
Start importing Assets/YandexGame/Example/Scripts/DebugViewing.cs using Guid(a21868984234d1445a9f3585607e3804) Importer(2089858483,0ecaa5967403d082aa24f35e1b516d23) Generated GUIDs only implemented for interfaces!
 -> (artifact id: '39a6632f9d0eaf2a191bf72161c34694') in 0.013118 seconds
Number of updated asset objects reloaded before import = 0
Number of asset objects unloaded after import = 1
========================================================================
Received Import Request.
  Time since last request: 0.000063 seconds.
  path: Assets/YandexGame/ScriptsYG/YandexMetrica/JsonUtils.cs
  artifactKey: Guid(30b1d4ba9816c6c41a3a863339555a15) Importer(2089858483,0ecaa5967403d082aa24f35e1b516d23)
Start importing Assets/YandexGame/ScriptsYG/YandexMetrica/JsonUtils.cs using Guid(30b1d4ba9816c6c41a3a863339555a15) Importer(2089858483,0ecaa5967403d082aa24f35e1b516d23) Generated GUIDs only implemented for interfaces!
 -> (artifact id: 'e19262f0751cec175971cad4ba1bb69a') in 0.014346 seconds
Number of updated asset objects reloaded before import = 0
Number of asset objects unloaded after import = 1
========================================================================
Received Import Request.
  Time since last request: 0.000190 seconds.
  path: Assets/YandexGame/Example/Scripts/RewardedAd.cs
  artifactKey: Guid(32d6301ad6c0c014383de7dc9c37f337) Importer(2089858483,0ecaa5967403d082aa24f35e1b516d23)
Start importing Assets/YandexGame/Example/Scripts/RewardedAd.cs using Guid(32d6301ad6c0c014383de7dc9c37f337) Importer(2089858483,0ecaa5967403d082aa24f35e1b516d23) Generated GUIDs only implemented for interfaces!
 -> (artifact id: '2f3d58dfb1b9aadd8fd9c8a536c85465') in 0.012112 seconds
Number of updated asset objects reloaded before import = 0
Number of asset objects unloaded after import = 1
========================================================================
Received Import Request.
  Time since last request: 0.000071 seconds.
  path: Assets/YandexGame/Prefabs/DesktopShortcut.prefab
  artifactKey: Guid(1861626c02f773a4faf29070f77ef149) Importer(2089858483,0ecaa5967403d082aa24f35e1b516d23)
Start importing Assets/YandexGame/Prefabs/DesktopShortcut.prefab using Guid(1861626c02f773a4faf29070f77ef149) Importer(2089858483,0ecaa5967403d082aa24f35e1b516d23) Generated GUIDs only implemented for interfaces!
 -> (artifact id: '3884d2993d90ae8996dcd3f122afe273') in 0.022930 seconds
Number of updated asset objects reloaded before import = 0
Number of asset objects unloaded after import = 39
========================================================================
Received Import Request.
  Time since last request: 0.000020 seconds.
  path: Assets/YandexGame/ScriptsYG/Language Translation/LanguageYG.cs
  artifactKey: Guid(f34f36451b093ee4c83ad4aa5459d2ac) Importer(2089858483,0ecaa5967403d082aa24f35e1b516d23)
Start importing Assets/YandexGame/ScriptsYG/Language Translation/LanguageYG.cs using Guid(f34f36451b093ee4c83ad4aa5459d2ac) Importer(2089858483,0ecaa5967403d082aa24f35e1b516d23) Generated GUIDs only implemented for interfaces!
 -> (artifact id: '902a81b0517ade3d42f977b252d18eaf') in 0.013320 seconds
Number of updated asset objects reloaded before import = 0
Number of asset objects unloaded after import = 2
========================================================================
Received Import Request.
  Time since last request: 0.000018 seconds.
  path: Assets/YandexGame/ScriptsYG/Editor/PostProcessBuild/ModifyIndexFile/BackgroundFormat.cs
  artifactKey: Guid(aad2b8c333346804483bd07aa5d42380) Importer(2089858483,0ecaa5967403d082aa24f35e1b516d23)
Start importing Assets/YandexGame/ScriptsYG/Editor/PostProcessBuild/ModifyIndexFile/BackgroundFormat.cs using Guid(aad2b8c333346804483bd07aa5d42380) Importer(2089858483,0ecaa5967403d082aa24f35e1b516d23) Generated GUIDs only implemented for interfaces!
 -> (artifact id: '3a2c8f22697e2c14e0c374f6ec6f889c') in 0.016484 seconds
Number of updated asset objects reloaded before import = 0
Number of asset objects unloaded after import = 1
========================================================================
Received Import Request.
  Time since last request: 0.000022 seconds.
  path: Assets/YandexGame/Prefabs/Banners/RBT2.prefab
  artifactKey: Guid(027e5f44c80c7fe43a3cc31107876079) Importer(2089858483,0ecaa5967403d082aa24f35e1b516d23)
Start importing Assets/YandexGame/Prefabs/Banners/RBT2.prefab using Guid(027e5f44c80c7fe43a3cc31107876079) Importer(2089858483,0ecaa5967403d082aa24f35e1b516d23) Generated GUIDs only implemented for interfaces!
 -> (artifact id: '70692209987f6efd05268565692f61c8') in 0.017902 seconds
Number of updated asset objects reloaded before import = 0
Number of asset objects unloaded after import = 12
========================================================================
Received Import Request.
  Time since last request: 0.000021 seconds.
  path: Assets/YandexGame/ScriptsYG/InfoYG/InfoYG.cs
  artifactKey: Guid(efa747916aa66674d96ea40ca8a480b2) Importer(2089858483,0ecaa5967403d082aa24f35e1b516d23)
Start importing Assets/YandexGame/ScriptsYG/InfoYG/InfoYG.cs using Guid(efa747916aa66674d96ea40ca8a480b2) Importer(2089858483,0ecaa5967403d082aa24f35e1b516d23) Generated GUIDs only implemented for interfaces!
 -> (artifact id: 'e2bce0945cc85ac9741002e718ed5ce8') in 0.013036 seconds
Number of updated asset objects reloaded before import = 0
Number of asset objects unloaded after import = 2
========================================================================
Received Import Request.
  Time since last request: 0.000033 seconds.
  path: Assets/Settings/HDRPDefaultResources/DefaultSettingsVolumeProfile.asset
  artifactKey: Guid(14b392ee213d25a48b1feddbd9f5a9be) Importer(2089858483,0ecaa5967403d082aa24f35e1b516d23)
Start importing Assets/Settings/HDRPDefaultResources/DefaultSettingsVolumeProfile.asset using Guid(14b392ee213d25a48b1feddbd9f5a9be) Importer(2089858483,0ecaa5967403d082aa24f35e1b516d23) Generated GUIDs only implemented for interfaces!
 -> (artifact id: '30f7eaaba3cd4d7d8a184db16d1cecf3') in 0.028600 seconds
Number of updated asset objects reloaded before import = 0
Number of asset objects unloaded after import = 1
========================================================================
Received Import Request.
  Time since last request: 0.000023 seconds.
  path: Assets/YandexGame/ScriptsYG/Editor/DocumentationEditor.cs
  artifactKey: Guid(2cb8cfe741ef91e448951fced5e32681) Importer(2089858483,0ecaa5967403d082aa24f35e1b516d23)
Start importing Assets/YandexGame/ScriptsYG/Editor/DocumentationEditor.cs using Guid(2cb8cfe741ef91e448951fced5e32681) Importer(2089858483,0ecaa5967403d082aa24f35e1b516d23) Generated GUIDs only implemented for interfaces!
 -> (artifact id: '921a909d6b149f7642b4b3fd016bcc0f') in 0.016496 seconds
Number of updated asset objects reloaded before import = 0
Number of asset objects unloaded after import = 1
========================================================================
Received Import Request.
  Time since last request: 0.000021 seconds.
  path: Assets/YandexGame/Example/Scripts/ReceivingPurchaseExample.cs
  artifactKey: Guid(d7222dd704de0df4dbaccf589c3d0267) Importer(2089858483,0ecaa5967403d082aa24f35e1b516d23)
Start importing Assets/YandexGame/Example/Scripts/ReceivingPurchaseExample.cs using Guid(d7222dd704de0df4dbaccf589c3d0267) Importer(2089858483,0ecaa5967403d082aa24f35e1b516d23) Generated GUIDs only implemented for interfaces!
 -> (artifact id: '2ad8523186508d99d858bcf346d62e63') in 0.013213 seconds
Number of updated asset objects reloaded before import = 0
Number of asset objects unloaded after import = 1
========================================================================
Received Import Request.
  Time since last request: 0.000027 seconds.
  path: Assets/YandexGame/DebuggingMode/Prefabs/DebuggingModeYG.prefab
  artifactKey: Guid(6fd9bb3cd55316745918369c2b72949c) Importer(2089858483,0ecaa5967403d082aa24f35e1b516d23)
Start importing Assets/YandexGame/DebuggingMode/Prefabs/DebuggingModeYG.prefab using Guid(6fd9bb3cd55316745918369c2b72949c) Importer(2089858483,0ecaa5967403d082aa24f35e1b516d23) Generated GUIDs only implemented for interfaces!
 -> (artifact id: '0bc19492280e3b0dcd5050df5c7d776f') in 0.046364 seconds
Number of updated asset objects reloaded before import = 0
Number of asset objects unloaded after import = 690
========================================================================
Received Import Request.
  Time since last request: 0.000023 seconds.
  path: Assets/YandexGame/ScriptsYG/Editor/Icons/Icon_GetPlayerYG.png
  artifactKey: Guid(f7f61904b49993445b3e0385b563a10c) Importer(2089858483,0ecaa5967403d082aa24f35e1b516d23)
Start importing Assets/YandexGame/ScriptsYG/Editor/Icons/Icon_GetPlayerYG.png using Guid(f7f61904b49993445b3e0385b563a10c) Importer(2089858483,0ecaa5967403d082aa24f35e1b516d23) Generated GUIDs only implemented for interfaces!
 -> (artifact id: '0a2ed4869559a0cb984dcedd16b288b2') in 0.028983 seconds
Number of updated asset objects reloaded before import = 0
Number of asset objects unloaded after import = 1
