Using pre-set license
Built from '2022.3/release' branch; Version is '2022.3.12f1 (4fe6e059c7ef) revision 5236448'; Using compiler version '192829333'; Build Type 'Release'
OS: 'Windows 10  (10.0.19043) 64bit Professional' Language: 'ru' Physical Memory: 16314 MB
BatchMode: 1, IsHumanControllingUs: 0, StartBugReporterOnCrash: 0, Is64bit: 1, IsPro: 1

COMMAND LINE ARGUMENTS:
D:\UnityProgramm\2022.3.12f1\Editor\Unity.exe
-adb2
-batchMode
-noUpm
-name
AssetImportWorker0
-projectPath
E:/nukio_games/FNAF-Parkour/Фнаф паркур
-logFile
Logs/AssetImportWorker0.log
-srvPort
61637
Successfully changed project path to: E:/nukio_games/FNAF-Parkour/Фнаф паркур
E:/nukio_games/FNAF-Parkour/Фнаф паркур
[UnityMemory] Configuration Parameters - Can be set up in boot.config
    "memorysetup-bucket-allocator-granularity=16"
    "memorysetup-bucket-allocator-bucket-count=8"
    "memorysetup-bucket-allocator-block-size=33554432"
    "memorysetup-bucket-allocator-block-count=8"
    "memorysetup-main-allocator-block-size=16777216"
    "memorysetup-thread-allocator-block-size=16777216"
    "memorysetup-gfx-main-allocator-block-size=16777216"
    "memorysetup-gfx-thread-allocator-block-size=16777216"
    "memorysetup-cache-allocator-block-size=4194304"
    "memorysetup-typetree-allocator-block-size=2097152"
    "memorysetup-profiler-bucket-allocator-granularity=16"
    "memorysetup-profiler-bucket-allocator-bucket-count=8"
    "memorysetup-profiler-bucket-allocator-block-size=33554432"
    "memorysetup-profiler-bucket-allocator-block-count=8"
    "memorysetup-profiler-allocator-block-size=16777216"
    "memorysetup-profiler-editor-allocator-block-size=1048576"
    "memorysetup-temp-allocator-size-main=16777216"
    "memorysetup-job-temp-allocator-block-size=2097152"
    "memorysetup-job-temp-allocator-block-size-background=1048576"
    "memorysetup-job-temp-allocator-reduction-small-platforms=262144"
    "memorysetup-allocator-temp-initial-block-size-main=262144"
    "memorysetup-allocator-temp-initial-block-size-worker=262144"
    "memorysetup-temp-allocator-size-background-worker=32768"
    "memorysetup-temp-allocator-size-job-worker=262144"
    "memorysetup-temp-allocator-size-preload-manager=33554432"
    "memorysetup-temp-allocator-size-nav-mesh-worker=65536"
    "memorysetup-temp-allocator-size-audio-worker=65536"
    "memorysetup-temp-allocator-size-cloud-worker=32768"
    "memorysetup-temp-allocator-size-gi-baking-worker=262144"
    "memorysetup-temp-allocator-size-gfx=262144"
Player connection [18064] Host "[IP] 192.168.0.7 [Port] 0 [Flags] 2 [Guid] 2500120444 [EditorId] 2500120444 [Version] 1048832 [Id] WindowsEditor(7,HOME-PC) [Debug] 1 [PackageName] WindowsEditor [ProjectName] Editor" joined multi-casting on [225.0.0.222:54997]...

Player connection [18064] Host "[IP] 192.168.0.7 [Port] 0 [Flags] 2 [Guid] 2500120444 [EditorId] 2500120444 [Version] 1048832 [Id] WindowsEditor(7,HOME-PC) [Debug] 1 [PackageName] WindowsEditor [ProjectName] Editor" joined alternative multi-casting on [225.0.0.222:34997]...

[Physics::Module] Initialized MultithreadedJobDispatcher with 11 workers.
Refreshing native plugins compatible for Editor in 10.18 ms, found 3 plugins.
Preloading 0 native plugins for Editor in 0.00 ms.
Initialize engine version: 2022.3.12f1 (4fe6e059c7ef)
[Subsystems] Discovering subsystems at path D:/UnityProgramm/2022.3.12f1/Editor/Data/Resources/UnitySubsystems
[Subsystems] Discovering subsystems at path E:/nukio_games/FNAF-Parkour/Фнаф паркур/Assets
GfxDevice: creating device client; threaded=0; jobified=0
Direct3D:
    Version:  Direct3D 11.0 [level 11.1]
    Renderer: NVIDIA GeForce GTX 1660 (ID=0x2184)
    Vendor:   NVIDIA
    VRAM:     5980 MB
    Driver:   31.0.15.3742
Initialize mono
Mono path[0] = 'D:/UnityProgramm/2022.3.12f1/Editor/Data/Managed'
Mono path[1] = 'D:/UnityProgramm/2022.3.12f1/Editor/Data/MonoBleedingEdge/lib/mono/unityjit-win32'
Mono config path = 'D:/UnityProgramm/2022.3.12f1/Editor/Data/MonoBleedingEdge/etc'
Using monoOptions --debugger-agent=transport=dt_socket,embedding=1,server=y,suspend=n,address=127.0.0.1:56056
Begin MonoManager ReloadAssembly
Registering precompiled unity dll's ...
Register platform support module: D:/UnityProgramm/2022.3.12f1/Editor/Data/PlaybackEngines/WebGLSupport/UnityEditor.WebGL.Extensions.dll
Register platform support module: D:/UnityProgramm/2022.3.12f1/Editor/Data/PlaybackEngines/AndroidPlayer/UnityEditor.Android.Extensions.dll
Register platform support module: D:/UnityProgramm/2022.3.12f1/Editor/Data/PlaybackEngines/WindowsStandaloneSupport/UnityEditor.WindowsStandalone.Extensions.dll
Registered in 0.006362 seconds.
- Loaded All Assemblies, in  0.448 seconds
Native extension for WindowsStandalone target not found
Native extension for Android target not found
Android Extension - Scanning For ADB Devices 347 ms
Native extension for WebGL target not found
Mono: successfully reloaded assembly
- Finished resetting the current domain, in  0.769 seconds
Domain Reload Profiling: 1217ms
	BeginReloadAssembly (129ms)
		ExecutionOrderSort (0ms)
		DisableScriptedObjects (0ms)
		BackupInstance (0ms)
		ReleaseScriptingObjects (0ms)
		CreateAndSetChildDomain (1ms)
	RebuildCommonClasses (49ms)
	RebuildNativeTypeToScriptingClass (16ms)
	initialDomainReloadingComplete (64ms)
	LoadAllAssembliesAndSetupDomain (189ms)
		LoadAssemblies (129ms)
		RebuildTransferFunctionScriptingTraits (0ms)
		AnalyzeDomain (186ms)
			TypeCache.Refresh (184ms)
				TypeCache.ScanAssembly (170ms)
			ScanForSourceGeneratedMonoScriptInfo (0ms)
			ResolveRequiredComponents (1ms)
	FinalizeReload (769ms)
		ReleaseScriptCaches (0ms)
		RebuildScriptCaches (0ms)
		SetupLoadedEditorAssemblies (687ms)
			LogAssemblyErrors (0ms)
			InitializePlatformSupportModulesInManaged (501ms)
			SetLoadedEditorAssemblies (4ms)
			RefreshPlugins (0ms)
			BeforeProcessingInitializeOnLoad (3ms)
			ProcessInitializeOnLoadAttributes (124ms)
			ProcessInitializeOnLoadMethodAttributes (56ms)
			AfterProcessingInitializeOnLoad (0ms)
			EditorAssembliesLoaded (0ms)
		ExecutionOrderSort2 (0ms)
		AwakeInstancesAfterBackupRestoration (0ms)
========================================================================
Worker process is ready to serve import requests
Begin MonoManager ReloadAssembly
- Loaded All Assemblies, in  1.084 seconds
Refreshing native plugins compatible for Editor in 4.11 ms, found 3 plugins.
Native extension for WindowsStandalone target not found
Native extension for Android target not found
Native extension for WebGL target not found
Package Manager log level set to [2]
[Package Manager] Server::EnsureServerProcessIsRunning -- launch failed, reason: Unity was launched with the -noUpm command-line argument
[Package Manager] UpmClient::Send -- Unable to send message (not connected to UPM process).
[Package Manager] Cannot connect to Unity Package Manager local server
Mono: successfully reloaded assembly
- Finished resetting the current domain, in  1.501 seconds
Domain Reload Profiling: 2585ms
	BeginReloadAssembly (223ms)
		ExecutionOrderSort (0ms)
		DisableScriptedObjects (10ms)
		BackupInstance (0ms)
		ReleaseScriptingObjects (0ms)
		CreateAndSetChildDomain (36ms)
	RebuildCommonClasses (58ms)
	RebuildNativeTypeToScriptingClass (27ms)
	initialDomainReloadingComplete (67ms)
	LoadAllAssembliesAndSetupDomain (709ms)
		LoadAssemblies (420ms)
		RebuildTransferFunctionScriptingTraits (0ms)
		AnalyzeDomain (410ms)
			TypeCache.Refresh (358ms)
				TypeCache.ScanAssembly (335ms)
			ScanForSourceGeneratedMonoScriptInfo (36ms)
			ResolveRequiredComponents (14ms)
	FinalizeReload (1502ms)
		ReleaseScriptCaches (0ms)
		RebuildScriptCaches (0ms)
		SetupLoadedEditorAssemblies (1181ms)
			LogAssemblyErrors (0ms)
			InitializePlatformSupportModulesInManaged (49ms)
			SetLoadedEditorAssemblies (5ms)
			RefreshPlugins (0ms)
			BeforeProcessingInitializeOnLoad (131ms)
			ProcessInitializeOnLoadAttributes (587ms)
			ProcessInitializeOnLoadMethodAttributes (403ms)
			AfterProcessingInitializeOnLoad (5ms)
			EditorAssembliesLoaded (0ms)
		ExecutionOrderSort2 (0ms)
		AwakeInstancesAfterBackupRestoration (12ms)
Launched and connected shader compiler UnityShaderCompiler.exe after 0.06 seconds
Refreshing native plugins compatible for Editor in 5.34 ms, found 3 plugins.
Preloading 0 native plugins for Editor in 0.00 ms.
Unloading 6205 Unused Serialized files (Serialized files now loaded: 0)
Unloading 99 unused Assets / (3.6 MB). Loaded Objects now: 6672.
Memory consumption went from 289.6 MB to 286.0 MB.
Total: 9.115500 ms (FindLiveObjects: 0.843900 ms CreateObjectMapping: 0.825200 ms MarkObjects: 5.386300 ms  DeleteObjects: 2.057600 ms)

AssetImportParameters requested are different than current active one (requested -> active):
  custom:container-demuxer-ogg: 62fdf1f143b41e24485cea50d1cbac27 -> 
  custom:video-decoder-ogg-theora: a1e56fd34408186e4bbccfd4996cb3dc -> 
  custom:framework-win-MediaFoundation: 216162199b28c13a410421893ffa2e32 -> 
  custom:container-demuxer-webm: 4f35f7cbe854078d1ac9338744f61a02 -> 
  custom:container-muxer-webm: aa71ff27fc2769a1b78a27578f13a17b -> 
  custom:video-decoder-webm-vp8: 9c59270c3fd7afecdb556c50c9e8de78 -> 
  custom:AudioImporter_EditorPlatform: d09bf68614088b80899f8185d706f6e7 -> 
  custom:video-encoder-webm-vp8: eb34c28f22e8b96e1ab97ce403110664 -> 
  custom:audio-decoder-ogg-vorbis: bf7c407c2cedff20999df2af8eb42d56 -> 
  custom:audio-encoder-webm-vorbis: bf7c407c2cedff20999df2af8eb42d56 -> 
========================================================================
Received Prepare
Refreshing native plugins compatible for Editor in 3.96 ms, found 3 plugins.
Preloading 0 native plugins for Editor in 0.00 ms.
Unloading 22 Unused Serialized files (Serialized files now loaded: 0)
Unloading 22 unused Assets / (3.5 MB). Loaded Objects now: 6672.
Memory consumption went from 155.9 MB to 152.4 MB.
Total: 6.990700 ms (FindLiveObjects: 0.674300 ms CreateObjectMapping: 0.428100 ms MarkObjects: 4.631800 ms  DeleteObjects: 1.255100 ms)

Prepare: number of updated asset objects reloaded= 12
AssetImportParameters requested are different than current active one (requested -> active):
  custom:container-demuxer-ogg: 62fdf1f143b41e24485cea50d1cbac27 -> 
  custom:video-decoder-ogg-theora: a1e56fd34408186e4bbccfd4996cb3dc -> 
  custom:framework-win-MediaFoundation: 216162199b28c13a410421893ffa2e32 -> 
  custom:CustomObjectIndexerAttribute: 756ad292c208cfabdd7b50bc23989ffe -> 
  custom:container-demuxer-webm: 4f35f7cbe854078d1ac9338744f61a02 -> 
  custom:container-muxer-webm: aa71ff27fc2769a1b78a27578f13a17b -> 
  custom:video-decoder-webm-vp8: 9c59270c3fd7afecdb556c50c9e8de78 -> 
  custom:SearchIndexIgnoredProperties: e643bd26f0fe6173181afceb89e7c659 -> 
  custom:AudioImporter_EditorPlatform: d09bf68614088b80899f8185d706f6e7 -> 
  custom:video-encoder-webm-vp8: eb34c28f22e8b96e1ab97ce403110664 -> 
  custom:audio-decoder-ogg-vorbis: bf7c407c2cedff20999df2af8eb42d56 -> 
  custom:audio-encoder-webm-vorbis: bf7c407c2cedff20999df2af8eb42d56 -> 
========================================================================
Received Import Request.
  Time since last request: 77969.462510 seconds.
  path: Assets/Readme.asset
  artifactKey: Guid(7f2c382dc2c22446db59030979f6e495) Importer(815301076,1909f56bfc062723c751e8b465ee728b)
Start importing Assets/Readme.asset using Guid(7f2c382dc2c22446db59030979f6e495) Importer(815301076,1909f56bfc062723c751e8b465ee728b)  -> (artifact id: '4b23efacc73f9aca88070b9c88ecbbf8') in 0.029245 seconds
Number of updated asset objects reloaded before import = 0
Number of asset objects unloaded after import = 2
========================================================================
Received Import Request.
  Time since last request: 970.661693 seconds.
  path: Assets
  artifactKey: Guid(00000000000000001000000000000000) Importer(815301076,1909f56bfc062723c751e8b465ee728b)
Start importing Assets using Guid(00000000000000001000000000000000) Importer(815301076,1909f56bfc062723c751e8b465ee728b)  -> (artifact id: '8a4fe85251aa2e89732c359432baa2c3') in 0.000660 seconds
Number of updated asset objects reloaded before import = 0
Number of asset objects unloaded after import = 0
========================================================================
Received Prepare
Begin MonoManager ReloadAssembly
- Loaded All Assemblies, in  0.652 seconds
Refreshing native plugins compatible for Editor in 3.58 ms, found 3 plugins.
Native extension for WindowsStandalone target not found
Native extension for Android target not found
Native extension for WebGL target not found
[ScriptCompilation] NOT recompiling all scripts because this is an import worker process. Reason to compile was: Define symbols changed
[Package Manager] Server::EnsureServerProcessIsRunning -- launch failed, reason: Unity was launched with the -noUpm command-line argument
[Package Manager] UpmClient::Send -- Unable to send message (not connected to UPM process).
[Package Manager] Cannot connect to Unity Package Manager local server
Mono: successfully reloaded assembly
- Finished resetting the current domain, in 65.899 seconds
Domain Reload Profiling: 66550ms
	BeginReloadAssembly (234ms)
		ExecutionOrderSort (0ms)
		DisableScriptedObjects (7ms)
		BackupInstance (0ms)
		ReleaseScriptingObjects (0ms)
		CreateAndSetChildDomain (57ms)
	RebuildCommonClasses (43ms)
	RebuildNativeTypeToScriptingClass (15ms)
	initialDomainReloadingComplete (32ms)
	LoadAllAssembliesAndSetupDomain (326ms)
		LoadAssemblies (358ms)
		RebuildTransferFunctionScriptingTraits (0ms)
		AnalyzeDomain (78ms)
			TypeCache.Refresh (14ms)
				TypeCache.ScanAssembly (2ms)
			ScanForSourceGeneratedMonoScriptInfo (48ms)
			ResolveRequiredComponents (14ms)
	FinalizeReload (65900ms)
		ReleaseScriptCaches (0ms)
		RebuildScriptCaches (0ms)
		SetupLoadedEditorAssemblies (565ms)
			LogAssemblyErrors (0ms)
			InitializePlatformSupportModulesInManaged (27ms)
			SetLoadedEditorAssemblies (3ms)
			RefreshPlugins (0ms)
			BeforeProcessingInitializeOnLoad (94ms)
			ProcessInitializeOnLoadAttributes (398ms)
			ProcessInitializeOnLoadMethodAttributes (38ms)
			AfterProcessingInitializeOnLoad (3ms)
			EditorAssembliesLoaded (0ms)
		ExecutionOrderSort2 (0ms)
		AwakeInstancesAfterBackupRestoration (57ms)
Refreshing native plugins compatible for Editor in 3.90 ms, found 3 plugins.
Preloading 0 native plugins for Editor in 0.00 ms.
Unloading 5935 Unused Serialized files (Serialized files now loaded: 0)
Unloading 74 unused Assets / (3.6 MB). Loaded Objects now: 6745.
Memory consumption went from 251.2 MB to 247.7 MB.
Total: 5.473600 ms (FindLiveObjects: 0.664200 ms CreateObjectMapping: 0.208200 ms MarkObjects: 3.801800 ms  DeleteObjects: 0.798300 ms)

Prepare: number of updated asset objects reloaded= 0
AssetImportParameters requested are different than current active one (requested -> active):
  custom:container-demuxer-ogg: 62fdf1f143b41e24485cea50d1cbac27 -> 
  custom:video-decoder-ogg-theora: a1e56fd34408186e4bbccfd4996cb3dc -> 
  custom:framework-win-MediaFoundation: 216162199b28c13a410421893ffa2e32 -> 
  custom:CustomObjectIndexerAttribute: 756ad292c208cfabdd7b50bc23989ffe -> 
  custom:container-demuxer-webm: 4f35f7cbe854078d1ac9338744f61a02 -> 
  custom:container-muxer-webm: aa71ff27fc2769a1b78a27578f13a17b -> 
  custom:video-decoder-webm-vp8: 9c59270c3fd7afecdb556c50c9e8de78 -> 
  custom:SearchIndexIgnoredProperties: e643bd26f0fe6173181afceb89e7c659 -> 
  custom:AudioImporter_EditorPlatform: d09bf68614088b80899f8185d706f6e7 -> 
  custom:video-encoder-webm-vp8: eb34c28f22e8b96e1ab97ce403110664 -> 
  custom:audio-decoder-ogg-vorbis: bf7c407c2cedff20999df2af8eb42d56 -> 
  custom:audio-encoder-webm-vorbis: bf7c407c2cedff20999df2af8eb42d56 -> 
========================================================================
Received Prepare
Begin MonoManager ReloadAssembly
- Loaded All Assemblies, in  0.707 seconds
Refreshing native plugins compatible for Editor in 3.59 ms, found 3 plugins.
Native extension for WindowsStandalone target not found
Native extension for Android target not found
Native extension for WebGL target not found
[ScriptCompilation] NOT recompiling all scripts because this is an import worker process. Reason to compile was: Define symbols changed
[Package Manager] Server::EnsureServerProcessIsRunning -- launch failed, reason: Unity was launched with the -noUpm command-line argument
[Package Manager] UpmClient::Send -- Unable to send message (not connected to UPM process).
[Package Manager] Cannot connect to Unity Package Manager local server
Mono: successfully reloaded assembly
- Finished resetting the current domain, in  1.434 seconds
Domain Reload Profiling: 2140ms
	BeginReloadAssembly (188ms)
		ExecutionOrderSort (0ms)
		DisableScriptedObjects (6ms)
		BackupInstance (0ms)
		ReleaseScriptingObjects (0ms)
		CreateAndSetChildDomain (47ms)
	RebuildCommonClasses (41ms)
	RebuildNativeTypeToScriptingClass (15ms)
	initialDomainReloadingComplete (31ms)
	LoadAllAssembliesAndSetupDomain (430ms)
		LoadAssemblies (322ms)
		RebuildTransferFunctionScriptingTraits (0ms)
		AnalyzeDomain (203ms)
			TypeCache.Refresh (162ms)
				TypeCache.ScanAssembly (148ms)
			ScanForSourceGeneratedMonoScriptInfo (25ms)
			ResolveRequiredComponents (13ms)
	FinalizeReload (1435ms)
		ReleaseScriptCaches (0ms)
		RebuildScriptCaches (0ms)
		SetupLoadedEditorAssemblies (514ms)
			LogAssemblyErrors (0ms)
			InitializePlatformSupportModulesInManaged (27ms)
			SetLoadedEditorAssemblies (3ms)
			RefreshPlugins (0ms)
			BeforeProcessingInitializeOnLoad (87ms)
			ProcessInitializeOnLoadAttributes (360ms)
			ProcessInitializeOnLoadMethodAttributes (34ms)
			AfterProcessingInitializeOnLoad (3ms)
			EditorAssembliesLoaded (0ms)
		ExecutionOrderSort2 (0ms)
		AwakeInstancesAfterBackupRestoration (50ms)
Refreshing native plugins compatible for Editor in 3.94 ms, found 3 plugins.
Preloading 0 native plugins for Editor in 0.00 ms.
Unloading 5928 Unused Serialized files (Serialized files now loaded: 0)
Unloading 75 unused Assets / (3.6 MB). Loaded Objects now: 6748.
Memory consumption went from 251.8 MB to 248.2 MB.
Total: 4.953100 ms (FindLiveObjects: 0.660700 ms CreateObjectMapping: 0.215900 ms MarkObjects: 3.290200 ms  DeleteObjects: 0.785300 ms)

Prepare: number of updated asset objects reloaded= 0
AssetImportParameters requested are different than current active one (requested -> active):
  custom:container-demuxer-ogg: 62fdf1f143b41e24485cea50d1cbac27 -> 
  custom:video-decoder-ogg-theora: a1e56fd34408186e4bbccfd4996cb3dc -> 
  custom:framework-win-MediaFoundation: 216162199b28c13a410421893ffa2e32 -> 
  custom:CustomObjectIndexerAttribute: 756ad292c208cfabdd7b50bc23989ffe -> 
  custom:container-demuxer-webm: 4f35f7cbe854078d1ac9338744f61a02 -> 
  custom:container-muxer-webm: aa71ff27fc2769a1b78a27578f13a17b -> 
  custom:video-decoder-webm-vp8: 9c59270c3fd7afecdb556c50c9e8de78 -> 
  custom:SearchIndexIgnoredProperties: e643bd26f0fe6173181afceb89e7c659 -> 
  custom:AudioImporter_EditorPlatform: d09bf68614088b80899f8185d706f6e7 -> 
  custom:video-encoder-webm-vp8: eb34c28f22e8b96e1ab97ce403110664 -> 
  custom:audio-decoder-ogg-vorbis: bf7c407c2cedff20999df2af8eb42d56 -> 
  custom:audio-encoder-webm-vorbis: bf7c407c2cedff20999df2af8eb42d56 -> 
========================================================================
Received Import Request.
  Time since last request: 1650.291434 seconds.
  path: Assets/OutdoorsScene.unity
  artifactKey: Guid(8124e5870f4fd4c779e7a5f994e84ad1) Importer(2089858483,0ecaa5967403d082aa24f35e1b516d23)
Start importing Assets/OutdoorsScene.unity using Guid(8124e5870f4fd4c779e7a5f994e84ad1) Importer(2089858483,0ecaa5967403d082aa24f35e1b516d23) Generated GUIDs only implemented for interfaces!
 -> (artifact id: 'c3b65eba8885bea372474fe3f68662f5') in 0.122366 seconds
Number of updated asset objects reloaded before import = 0
Number of asset objects unloaded after import = 1
========================================================================
Received Import Request.
  Time since last request: 0.000028 seconds.
  path: Assets/YandexGame/ScriptsYG/Leaderboard/LBPlayerDataYG.cs
  artifactKey: Guid(a183e821a3e219a4385ee48ec1bfabcf) Importer(2089858483,0ecaa5967403d082aa24f35e1b516d23)
Start importing Assets/YandexGame/ScriptsYG/Leaderboard/LBPlayerDataYG.cs using Guid(a183e821a3e219a4385ee48ec1bfabcf) Importer(2089858483,0ecaa5967403d082aa24f35e1b516d23) Generated GUIDs only implemented for interfaces!
 -> (artifact id: 'a9ac03d92472f91809a355b67ca045d4') in 0.045324 seconds
Number of updated asset objects reloaded before import = 0
Number of asset objects unloaded after import = 2
========================================================================
Received Import Request.
  Time since last request: 0.000029 seconds.
  path: Assets/YandexGame/ScriptsYG/GetPlayerYG.cs
  artifactKey: Guid(8efe342a0068cf447ac9c18752f70d1c) Importer(2089858483,0ecaa5967403d082aa24f35e1b516d23)
Start importing Assets/YandexGame/ScriptsYG/GetPlayerYG.cs using Guid(8efe342a0068cf447ac9c18752f70d1c) Importer(2089858483,0ecaa5967403d082aa24f35e1b516d23) Generated GUIDs only implemented for interfaces!
 -> (artifact id: 'ce49a5f69cf9b8f6ee2fe3ce1a9abf9a') in 0.012656 seconds
Number of updated asset objects reloaded before import = 0
Number of asset objects unloaded after import = 2
========================================================================
Received Import Request.
  Time since last request: 0.000018 seconds.
  path: Assets/YandexGame/ScriptsYG/Language Translation/LangYGAdditionalText.cs
  artifactKey: Guid(cad9e1c02dca6d94884dc2b411fa3262) Importer(2089858483,0ecaa5967403d082aa24f35e1b516d23)
Start importing Assets/YandexGame/ScriptsYG/Language Translation/LangYGAdditionalText.cs using Guid(cad9e1c02dca6d94884dc2b411fa3262) Importer(2089858483,0ecaa5967403d082aa24f35e1b516d23) Generated GUIDs only implemented for interfaces!
 -> (artifact id: '5e9e46122612165bc99e76b11ac791d8') in 0.013989 seconds
Number of updated asset objects reloaded before import = 0
Number of asset objects unloaded after import = 2
========================================================================
Received Import Request.
  Time since last request: 0.000018 seconds.
  path: Assets/YandexGame/Third-Party Notices.txt
  artifactKey: Guid(fc4bfab6e54579742919652139a338e0) Importer(2089858483,0ecaa5967403d082aa24f35e1b516d23)
Start importing Assets/YandexGame/Third-Party Notices.txt using Guid(fc4bfab6e54579742919652139a338e0) Importer(2089858483,0ecaa5967403d082aa24f35e1b516d23) Generated GUIDs only implemented for interfaces!
 -> (artifact id: 'c89de4040df8957b7f85a91f8185757f') in 0.013347 seconds
Number of updated asset objects reloaded before import = 0
Number of asset objects unloaded after import = 1
========================================================================
Received Import Request.
  Time since last request: 0.000024 seconds.
  path: Assets/Settings/SkyandFogSettingsProfile.asset
  artifactKey: Guid(8ba92e2dd7f884a0f88b98fa2d235fe7) Importer(2089858483,0ecaa5967403d082aa24f35e1b516d23)
Start importing Assets/Settings/SkyandFogSettingsProfile.asset using Guid(8ba92e2dd7f884a0f88b98fa2d235fe7) Importer(2089858483,0ecaa5967403d082aa24f35e1b516d23) Generated GUIDs only implemented for interfaces!
 -> (artifact id: '2e3312b3d22f08eda06c9c1aa013cb4a') in 0.058413 seconds
Number of updated asset objects reloaded before import = 0
Number of asset objects unloaded after import = 5
========================================================================
Received Import Request.
  Time since last request: 0.000021 seconds.
  path: Assets/WebGLTemplates/Notices.txt
  artifactKey: Guid(c6e5b96899b80174e86c3612027acf21) Importer(2089858483,0ecaa5967403d082aa24f35e1b516d23)
Start importing Assets/WebGLTemplates/Notices.txt using Guid(c6e5b96899b80174e86c3612027acf21) Importer(2089858483,0ecaa5967403d082aa24f35e1b516d23) Generated GUIDs only implemented for interfaces!
 -> (artifact id: '01c6ec0ae6060ad5a9b0ca075b852098') in 0.011580 seconds
Number of updated asset objects reloaded before import = 0
Number of asset objects unloaded after import = 1
========================================================================
Received Import Request.
  Time since last request: 0.000084 seconds.
  path: Assets/YandexGame/Example/Scripts/GetPlayerData.cs
  artifactKey: Guid(5f3580921e3d73a43a9b20e250ba9b55) Importer(2089858483,0ecaa5967403d082aa24f35e1b516d23)
Start importing Assets/YandexGame/Example/Scripts/GetPlayerData.cs using Guid(5f3580921e3d73a43a9b20e250ba9b55) Importer(2089858483,0ecaa5967403d082aa24f35e1b516d23) Generated GUIDs only implemented for interfaces!
 -> (artifact id: '650a04ba1fb4adbef96956e688bf31f7') in 0.016541 seconds
Number of updated asset objects reloaded before import = 0
Number of asset objects unloaded after import = 1
========================================================================
Received Import Request.
  Time since last request: 0.000094 seconds.
  path: Assets/YandexGame/Prefabs/ErrorAdMessage.prefab
  artifactKey: Guid(7c3fd30ab60562643a829eed36b2c5d9) Importer(2089858483,0ecaa5967403d082aa24f35e1b516d23)
Start importing Assets/YandexGame/Prefabs/ErrorAdMessage.prefab using Guid(7c3fd30ab60562643a829eed36b2c5d9) Importer(2089858483,0ecaa5967403d082aa24f35e1b516d23) Generated GUIDs only implemented for interfaces!
 -> (artifact id: 'baedb79161d1437126d2f0d8fbb6470f') in 0.056182 seconds
Number of updated asset objects reloaded before import = 0
Number of asset objects unloaded after import = 42
========================================================================
Received Import Request.
  Time since last request: 0.000024 seconds.
  path: Assets/YandexGame/Example/Content/Textures/DebugViewing.png
  artifactKey: Guid(cdb950438ef0ead45a287822e66f5fa6) Importer(2089858483,0ecaa5967403d082aa24f35e1b516d23)
Start importing Assets/YandexGame/Example/Content/Textures/DebugViewing.png using Guid(cdb950438ef0ead45a287822e66f5fa6) Importer(2089858483,0ecaa5967403d082aa24f35e1b516d23) Generated GUIDs only implemented for interfaces!
 -> (artifact id: 'af84c4424d24230bdae4aa26a9dce059') in 0.076608 seconds
Number of updated asset objects reloaded before import = 0
Number of asset objects unloaded after import = 3
========================================================================
Received Import Request.
  Time since last request: 0.000030 seconds.
  path: Assets/TutorialInfo/Layout.wlt
  artifactKey: Guid(eabc9546105bf4accac1fd62a63e88e6) Importer(2089858483,0ecaa5967403d082aa24f35e1b516d23)
Start importing Assets/TutorialInfo/Layout.wlt using Guid(eabc9546105bf4accac1fd62a63e88e6) Importer(2089858483,0ecaa5967403d082aa24f35e1b516d23) Generated GUIDs only implemented for interfaces!
 -> (artifact id: 'd0d6039aebfae06e767910055874ccc5') in 0.012032 seconds
Number of updated asset objects reloaded before import = 0
Number of asset objects unloaded after import = 1
========================================================================
Received Import Request.
  Time since last request: 0.000033 seconds.
  path: Assets/YandexGame/ScriptsYG/Editor/Icons/Icon_LanguageYG.png
  artifactKey: Guid(374b83e0248a67c4b8ee15e6d25c0608) Importer(2089858483,0ecaa5967403d082aa24f35e1b516d23)
Start importing Assets/YandexGame/ScriptsYG/Editor/Icons/Icon_LanguageYG.png using Guid(374b83e0248a67c4b8ee15e6d25c0608) Importer(2089858483,0ecaa5967403d082aa24f35e1b516d23) Generated GUIDs only implemented for interfaces!
 -> (artifact id: '78c6a83e8a14386b972ede50a75ad101') in 0.028559 seconds
Number of updated asset objects reloaded before import = 0
Number of asset objects unloaded after import = 1
========================================================================
Received Import Request.
  Time since last request: 0.000058 seconds.
  path: Assets/WebGLTemplates/PluginYG/index.html
  artifactKey: Guid(4723168e9fbaa674ba57fe2bcc045196) Importer(2089858483,0ecaa5967403d082aa24f35e1b516d23)
Start importing Assets/WebGLTemplates/PluginYG/index.html using Guid(4723168e9fbaa674ba57fe2bcc045196) Importer(2089858483,0ecaa5967403d082aa24f35e1b516d23) Generated GUIDs only implemented for interfaces!
 -> (artifact id: '267aa701fc2c455dca5faf194678f469') in 0.010995 seconds
Number of updated asset objects reloaded before import = 0
Number of asset objects unloaded after import = 1
========================================================================
Received Import Request.
  Time since last request: 0.000098 seconds.
  path: Assets/Settings/HDRP Balanced.asset
  artifactKey: Guid(3e2e6bfc59709614ab90c0cd7d755e48) Importer(2089858483,0ecaa5967403d082aa24f35e1b516d23)
Start importing Assets/Settings/HDRP Balanced.asset using Guid(3e2e6bfc59709614ab90c0cd7d755e48) Importer(2089858483,0ecaa5967403d082aa24f35e1b516d23) Generated GUIDs only implemented for interfaces!
 -> (artifact id: 'a87999659a07890365dced8fa305a224') in 0.107479 seconds
Number of updated asset objects reloaded before import = 0
Number of asset objects unloaded after import = 1
========================================================================
Received Import Request.
  Time since last request: 0.000022 seconds.
  path: Assets/YandexGame/Example/Scenes/ExampleYG.unity
  artifactKey: Guid(e49bf7e58fdb4db4c9df51f0ddb8f327) Importer(2089858483,0ecaa5967403d082aa24f35e1b516d23)
Start importing Assets/YandexGame/Example/Scenes/ExampleYG.unity using Guid(e49bf7e58fdb4db4c9df51f0ddb8f327) Importer(2089858483,0ecaa5967403d082aa24f35e1b516d23) Generated GUIDs only implemented for interfaces!
 -> (artifact id: '2400736f8246818b17aafa5a0e4f9175') in 0.011078 seconds
Number of updated asset objects reloaded before import = 0
Number of asset objects unloaded after import = 1
========================================================================
Received Import Request.
  Time since last request: 0.000144 seconds.
  path: Assets/YandexGame/ScriptsYG/UnityToolbag-main/LICENSE.txt
  artifactKey: Guid(4fb3f32c97c5d90499ea00c045a10920) Importer(2089858483,0ecaa5967403d082aa24f35e1b516d23)
Start importing Assets/YandexGame/ScriptsYG/UnityToolbag-main/LICENSE.txt using Guid(4fb3f32c97c5d90499ea00c045a10920) Importer(2089858483,0ecaa5967403d082aa24f35e1b516d23) Generated GUIDs only implemented for interfaces!
 -> (artifact id: 'ae673dc7ef7df80fbf7712f5df891e82') in 0.011580 seconds
Number of updated asset objects reloaded before import = 0
Number of asset objects unloaded after import = 1
========================================================================
Received Import Request.
  Time since last request: 0.000094 seconds.
  path: Assets/YandexGame/ScriptsYG/Language Translation/Editor/CSVManager.cs
  artifactKey: Guid(f107992ca6094084a98d8a892e6c1207) Importer(2089858483,0ecaa5967403d082aa24f35e1b516d23)
Start importing Assets/YandexGame/ScriptsYG/Language Translation/Editor/CSVManager.cs using Guid(f107992ca6094084a98d8a892e6c1207) Importer(2089858483,0ecaa5967403d082aa24f35e1b516d23) Generated GUIDs only implemented for interfaces!
 -> (artifact id: '16079d0f468bf16c24774049070fe312') in 0.013666 seconds
Number of updated asset objects reloaded before import = 0
Number of asset objects unloaded after import = 1
========================================================================
Received Import Request.
  Time since last request: 0.000062 seconds.
  path: Assets/YandexGame/ScriptsYG/Editor/Utils/ModificationScripts.cs
  artifactKey: Guid(fd6058cfd2c09804592cb73c81a02f1f) Importer(2089858483,0ecaa5967403d082aa24f35e1b516d23)
Start importing Assets/YandexGame/ScriptsYG/Editor/Utils/ModificationScripts.cs using Guid(fd6058cfd2c09804592cb73c81a02f1f) Importer(2089858483,0ecaa5967403d082aa24f35e1b516d23) Generated GUIDs only implemented for interfaces!
 -> (artifact id: 'd48c2067b59b6034e31e971c7f34467b') in 0.015743 seconds
Number of updated asset objects reloaded before import = 0
Number of asset objects unloaded after import = 1
========================================================================
Received Import Request.
  Time since last request: 0.000022 seconds.
  path: Assets/YandexGame/ScriptsYG/Language Translation/Editor/LanguageYGEditor.cs
  artifactKey: Guid(8f60c77fd7cff084d82071995ec21952) Importer(2089858483,0ecaa5967403d082aa24f35e1b516d23)
Start importing Assets/YandexGame/ScriptsYG/Language Translation/Editor/LanguageYGEditor.cs using Guid(8f60c77fd7cff084d82071995ec21952) Importer(2089858483,0ecaa5967403d082aa24f35e1b516d23) Generated GUIDs only implemented for interfaces!
 -> (artifact id: 'cb83a89b760f2d15a6ccb3833b04ab54') in 0.011949 seconds
Number of updated asset objects reloaded before import = 0
Number of asset objects unloaded after import = 1
========================================================================
Received Import Request.
  Time since last request: 0.000084 seconds.
  path: Assets/YandexGame/Example/Scripts/SaverTest.cs
  artifactKey: Guid(92f7f975d78c4f74f8d4ebb4c4d715fa) Importer(2089858483,0ecaa5967403d082aa24f35e1b516d23)
Start importing Assets/YandexGame/Example/Scripts/SaverTest.cs using Guid(92f7f975d78c4f74f8d4ebb4c4d715fa) Importer(2089858483,0ecaa5967403d082aa24f35e1b516d23) Generated GUIDs only implemented for interfaces!
 -> (artifact id: 'c7f8e5ff347c469b5604a973edb13e9f') in 0.011621 seconds
Number of updated asset objects reloaded before import = 0
Number of asset objects unloaded after import = 1
========================================================================
Received Import Request.
  Time since last request: 0.000085 seconds.
  path: Assets/YandexGame/ScriptsYG/Payments/PaymentsCatalogYG.cs
  artifactKey: Guid(9a35768dbfb09d34fb34c9f9a5f54f7a) Importer(2089858483,0ecaa5967403d082aa24f35e1b516d23)
Start importing Assets/YandexGame/ScriptsYG/Payments/PaymentsCatalogYG.cs using Guid(9a35768dbfb09d34fb34c9f9a5f54f7a) Importer(2089858483,0ecaa5967403d082aa24f35e1b516d23) Generated GUIDs only implemented for interfaces!
 -> (artifact id: '7d2ef6b5f271ca07e2436c8cb004b482') in 0.012519 seconds
Number of updated asset objects reloaded before import = 0
Number of asset objects unloaded after import = 2
========================================================================
Received Import Request.
  Time since last request: 0.000025 seconds.
  path: Assets/YandexGame/Prefabs/Banners/RBT3.prefab
  artifactKey: Guid(6c0a37e7cee220542a8ade16a5497ac0) Importer(2089858483,0ecaa5967403d082aa24f35e1b516d23)
Start importing Assets/YandexGame/Prefabs/Banners/RBT3.prefab using Guid(6c0a37e7cee220542a8ade16a5497ac0) Importer(2089858483,0ecaa5967403d082aa24f35e1b516d23) Generated GUIDs only implemented for interfaces!
 -> (artifact id: '1322b3c55da6513bf317dbfe95814327') in 0.022909 seconds
Number of updated asset objects reloaded before import = 0
Number of asset objects unloaded after import = 12
========================================================================
Received Import Request.
  Time since last request: 0.000069 seconds.
  path: Assets/YandexGame/Example/Scripts/SwitchSceneTest.cs
  artifactKey: Guid(da7b11839e4c8104d8ff378f58121c39) Importer(2089858483,0ecaa5967403d082aa24f35e1b516d23)
Start importing Assets/YandexGame/Example/Scripts/SwitchSceneTest.cs using Guid(da7b11839e4c8104d8ff378f58121c39) Importer(2089858483,0ecaa5967403d082aa24f35e1b516d23) Generated GUIDs only implemented for interfaces!
 -> (artifact id: '32d482524c1a5142287e301fc57b344c') in 0.012242 seconds
Number of updated asset objects reloaded before import = 0
Number of asset objects unloaded after import = 1
========================================================================
Received Import Request.
  Time since last request: 0.000022 seconds.
  path: Assets/WebGLTemplates/PluginYG/thumbnail.png
  artifactKey: Guid(998574966a105074f819e34ecf809f54) Importer(2089858483,0ecaa5967403d082aa24f35e1b516d23)
Start importing Assets/WebGLTemplates/PluginYG/thumbnail.png using Guid(998574966a105074f819e34ecf809f54) Importer(2089858483,0ecaa5967403d082aa24f35e1b516d23) Generated GUIDs only implemented for interfaces!
 -> (artifact id: '05fb035802f2ccb451be0f0918c2e5a6') in 0.011425 seconds
Number of updated asset objects reloaded before import = 0
Number of asset objects unloaded after import = 1
========================================================================
Received Import Request.
  Time since last request: 0.000119 seconds.
  path: Assets/YandexGame/DebuggingMode/Scripts/DebuggingModeYG.cs
  artifactKey: Guid(1941e6397309e694fa3dec609cd36544) Importer(2089858483,0ecaa5967403d082aa24f35e1b516d23)
Start importing Assets/YandexGame/DebuggingMode/Scripts/DebuggingModeYG.cs using Guid(1941e6397309e694fa3dec609cd36544) Importer(2089858483,0ecaa5967403d082aa24f35e1b516d23) Generated GUIDs only implemented for interfaces!
 -> (artifact id: '2dcd19b2efe7b766439186a0608ca7dd') in 0.013335 seconds
Number of updated asset objects reloaded before import = 0
Number of asset objects unloaded after import = 2
========================================================================
Received Import Request.
  Time since last request: 0.000023 seconds.
  path: Assets/WebGLTemplates/PluginYG/TemplateData/style.css
  artifactKey: Guid(ac417be406a59a340bf7df6a62945424) Importer(2089858483,0ecaa5967403d082aa24f35e1b516d23)
Start importing Assets/WebGLTemplates/PluginYG/TemplateData/style.css using Guid(ac417be406a59a340bf7df6a62945424) Importer(2089858483,0ecaa5967403d082aa24f35e1b516d23) Generated GUIDs only implemented for interfaces!
 -> (artifact id: 'a3caeb4417663515aca22d9f5e0e3f76') in 0.010490 seconds
Number of updated asset objects reloaded before import = 0
Number of asset objects unloaded after import = 1
========================================================================
Received Import Request.
  Time since last request: 0.000111 seconds.
  path: Assets/YandexGame/ScriptsYG/Inside/CallingAnEvent.cs
  artifactKey: Guid(0940eae2ca11f1a49a9d640f7abdc6b5) Importer(2089858483,0ecaa5967403d082aa24f35e1b516d23)
Start importing Assets/YandexGame/ScriptsYG/Inside/CallingAnEvent.cs using Guid(0940eae2ca11f1a49a9d640f7abdc6b5) Importer(2089858483,0ecaa5967403d082aa24f35e1b516d23) Generated GUIDs only implemented for interfaces!
 -> (artifact id: 'ece2a3cc388fe7c2128ffda39100024c') in 0.012796 seconds
Number of updated asset objects reloaded before import = 0
Number of asset objects unloaded after import = 1
========================================================================
Received Import Request.
  Time since last request: 0.000080 seconds.
  path: Assets/YandexGame/Example/Scenes/ExampleYG_Two.unity
  artifactKey: Guid(b366c208bc7e0cc48bcf6a38216f2a82) Importer(2089858483,0ecaa5967403d082aa24f35e1b516d23)
Start importing Assets/YandexGame/Example/Scenes/ExampleYG_Two.unity using Guid(b366c208bc7e0cc48bcf6a38216f2a82) Importer(2089858483,0ecaa5967403d082aa24f35e1b516d23) Generated GUIDs only implemented for interfaces!
 -> (artifact id: 'c0fb41fe202233d1742e6b0c1e9afe52') in 0.011647 seconds
Number of updated asset objects reloaded before import = 0
Number of asset objects unloaded after import = 1
========================================================================
Received Import Request.
  Time since last request: 0.000142 seconds.
  path: Assets/YandexGame/ScriptsYG/UnityToolbag-main/ConditionallyVisiblePropertyDrawer/Runtime/ConditionallyVisibleAttribute.cs
  artifactKey: Guid(6a5802bf4626c294aa90d7ed0eca4542) Importer(2089858483,0ecaa5967403d082aa24f35e1b516d23)
Start importing Assets/YandexGame/ScriptsYG/UnityToolbag-main/ConditionallyVisiblePropertyDrawer/Runtime/ConditionallyVisibleAttribute.cs using Guid(6a5802bf4626c294aa90d7ed0eca4542) Importer(2089858483,0ecaa5967403d082aa24f35e1b516d23) Generated GUIDs only implemented for interfaces!
 -> (artifact id: 'ac14e44609f64f47a8774a1054a48d71') in 0.015694 seconds
Number of updated asset objects reloaded before import = 0
Number of asset objects unloaded after import = 1
========================================================================
Received Import Request.
  Time since last request: 0.000160 seconds.
  path: Assets/YandexGame/ScriptsYG/Editor/PostProcessBuild/ModifyIndexFile/PixelRatioMobile.cs
  artifactKey: Guid(691640dfa19eb474584f9fafac46a85d) Importer(2089858483,0ecaa5967403d082aa24f35e1b516d23)
Start importing Assets/YandexGame/ScriptsYG/Editor/PostProcessBuild/ModifyIndexFile/PixelRatioMobile.cs using Guid(691640dfa19eb474584f9fafac46a85d) Importer(2089858483,0ecaa5967403d082aa24f35e1b516d23) Generated GUIDs only implemented for interfaces!
 -> (artifact id: '9671db51aea3d0ef9ec6df5a94058204') in 0.012699 seconds
Number of updated asset objects reloaded before import = 0
Number of asset objects unloaded after import = 1
========================================================================
Received Import Request.
  Time since last request: 0.000115 seconds.
  path: Assets/YandexGame/ScriptsYG/Editor/PostProcessBuild/ModifyIndexFile/LogoFormat.cs
  artifactKey: Guid(149818582ab8d7d41bd5ad1b58d8d8e8) Importer(2089858483,0ecaa5967403d082aa24f35e1b516d23)
Start importing Assets/YandexGame/ScriptsYG/Editor/PostProcessBuild/ModifyIndexFile/LogoFormat.cs using Guid(149818582ab8d7d41bd5ad1b58d8d8e8) Importer(2089858483,0ecaa5967403d082aa24f35e1b516d23) Generated GUIDs only implemented for interfaces!
 -> (artifact id: 'c97ace53e82fa520dd74e3fc5fc114ec') in 0.012952 seconds
Number of updated asset objects reloaded before import = 0
Number of asset objects unloaded after import = 1
========================================================================
Received Import Request.
  Time since last request: 0.000167 seconds.
  path: Assets/YandexGame/Example/Scripts/NewResultLBExample.cs
  artifactKey: Guid(77da4e298b787504f9a35fe14840b10a) Importer(2089858483,0ecaa5967403d082aa24f35e1b516d23)
Start importing Assets/YandexGame/Example/Scripts/NewResultLBExample.cs using Guid(77da4e298b787504f9a35fe14840b10a) Importer(2089858483,0ecaa5967403d082aa24f35e1b516d23) Generated GUIDs only implemented for interfaces!
 -> (artifact id: '155b4e71231e082931d58a56fbe17c0a') in 0.012787 seconds
Number of updated asset objects reloaded before import = 0
Number of asset objects unloaded after import = 1
========================================================================
Received Import Request.
  Time since last request: 0.000077 seconds.
  path: Assets/YandexGame/Prefabs/Payments/Payments Catalog.prefab
  artifactKey: Guid(b97c083bfad292a4d893ffbfdf23208f) Importer(2089858483,0ecaa5967403d082aa24f35e1b516d23)
Start importing Assets/YandexGame/Prefabs/Payments/Payments Catalog.prefab using Guid(b97c083bfad292a4d893ffbfdf23208f) Importer(2089858483,0ecaa5967403d082aa24f35e1b516d23) Generated GUIDs only implemented for interfaces!
 -> (artifact id: '608a21ee485c4ae3d529aa8dbdfefc1e') in 0.028683 seconds
Number of updated asset objects reloaded before import = 0
Number of asset objects unloaded after import = 64
========================================================================
Received Import Request.
  Time since last request: 0.000022 seconds.
  path: Assets/YandexGame/ScriptsYG/Editor/PostProcessBuild/ModifyIndexFile/ModifyBuildManager.cs
  artifactKey: Guid(a65f79c6642d5424a83a255a036bb2f4) Importer(2089858483,0ecaa5967403d082aa24f35e1b516d23)
Start importing Assets/YandexGame/ScriptsYG/Editor/PostProcessBuild/ModifyIndexFile/ModifyBuildManager.cs using Guid(a65f79c6642d5424a83a255a036bb2f4) Importer(2089858483,0ecaa5967403d082aa24f35e1b516d23) Generated GUIDs only implemented for interfaces!
 -> (artifact id: 'e7fe5c03671b4a65ecbc03a93afb3567') in 0.014067 seconds
Number of updated asset objects reloaded before import = 0
Number of asset objects unloaded after import = 1
========================================================================
Received Import Request.
  Time since last request: 0.000038 seconds.
  path: Assets/YandexGame/ScriptsYG/ReviewYG.cs
  artifactKey: Guid(a50aa89408dd46a4d9e4c2ed0c463947) Importer(2089858483,0ecaa5967403d082aa24f35e1b516d23)
Start importing Assets/YandexGame/ScriptsYG/ReviewYG.cs using Guid(a50aa89408dd46a4d9e4c2ed0c463947) Importer(2089858483,0ecaa5967403d082aa24f35e1b516d23) Generated GUIDs only implemented for interfaces!
 -> (artifact id: 'a63851f581763bd351a4ab897ebab406') in 0.014023 seconds
Number of updated asset objects reloaded before import = 0
Number of asset objects unloaded after import = 2
========================================================================
Received Import Request.
  Time since last request: 0.000021 seconds.
  path: Assets/YandexGame/ScriptsYG/Editor/Icons/Icon_RBTYG.png
  artifactKey: Guid(dc42c2f80c882df4c90d529abbb6a488) Importer(2089858483,0ecaa5967403d082aa24f35e1b516d23)
Start importing Assets/YandexGame/ScriptsYG/Editor/Icons/Icon_RBTYG.png using Guid(dc42c2f80c882df4c90d529abbb6a488) Importer(2089858483,0ecaa5967403d082aa24f35e1b516d23) Generated GUIDs only implemented for interfaces!
 -> (artifact id: 'e044f7860db2e0b7d9219d79dff04df9') in 0.031244 seconds
Number of updated asset objects reloaded before import = 0
Number of asset objects unloaded after import = 1
========================================================================
Received Import Request.
  Time since last request: 0.000044 seconds.
  path: Assets/YandexGame/Example/Content/Materials/DebugViewing.mat
  artifactKey: Guid(59cd650ae9babe14191840056255cd7e) Importer(2089858483,0ecaa5967403d082aa24f35e1b516d23)
Start importing Assets/YandexGame/Example/Content/Materials/DebugViewing.mat using Guid(59cd650ae9babe14191840056255cd7e) Importer(2089858483,0ecaa5967403d082aa24f35e1b516d23) Generated GUIDs only implemented for interfaces!
 -> (artifact id: '08c4c8239869bd45ee56aa6163b9b701') in 0.083432 seconds
Number of updated asset objects reloaded before import = 0
Number of asset objects unloaded after import = 2
========================================================================
Received Import Request.
  Time since last request: 0.000019 seconds.
  path: Assets/YandexGame/ScriptsYG/Editor/Utils/PackageDownloader.cs
  artifactKey: Guid(655bfd4b0cf3a3b49b9476e8909dc16d) Importer(2089858483,0ecaa5967403d082aa24f35e1b516d23)
Start importing Assets/YandexGame/ScriptsYG/Editor/Utils/PackageDownloader.cs using Guid(655bfd4b0cf3a3b49b9476e8909dc16d) Importer(2089858483,0ecaa5967403d082aa24f35e1b516d23) Generated GUIDs only implemented for interfaces!
 -> (artifact id: '21f0b5c0f98385e2ad941cdeb81686f6') in 0.011779 seconds
Number of updated asset objects reloaded before import = 0
Number of asset objects unloaded after import = 1
========================================================================
Received Import Request.
  Time since last request: 0.000072 seconds.
  path: Assets/YandexGame/ScriptsYG/PromptYG.cs
  artifactKey: Guid(aabbd61b068ca6c41becc09cb68bdbbd) Importer(2089858483,0ecaa5967403d082aa24f35e1b516d23)
Start importing Assets/YandexGame/ScriptsYG/PromptYG.cs using Guid(aabbd61b068ca6c41becc09cb68bdbbd) Importer(2089858483,0ecaa5967403d082aa24f35e1b516d23) Generated GUIDs only implemented for interfaces!
 -> (artifact id: 'c39f2b11b21db20522306ebedbafd541') in 0.015493 seconds
Number of updated asset objects reloaded before import = 0
Number of asset objects unloaded after import = 2
========================================================================
Received Import Request.
  Time since last request: 0.000046 seconds.
  path: Assets/YandexGame/ScriptsYG/Inside/ConfigYG.cs
  artifactKey: Guid(2726b935d9a3f7d4fa7814a8c6be7f37) Importer(2089858483,0ecaa5967403d082aa24f35e1b516d23)
Start importing Assets/YandexGame/ScriptsYG/Inside/ConfigYG.cs using Guid(2726b935d9a3f7d4fa7814a8c6be7f37) Importer(2089858483,0ecaa5967403d082aa24f35e1b516d23) Generated GUIDs only implemented for interfaces!
 -> (artifact id: '20281f8afaaddd2643fde9116214ae57') in 0.017299 seconds
Number of updated asset objects reloaded before import = 0
Number of asset objects unloaded after import = 1
========================================================================
Received Import Request.
  Time since last request: 0.000111 seconds.
  path: Assets/YandexGame/ScriptsYG/Editor/Icons/Icon_YandexGame.png
  artifactKey: Guid(75e2137d812e0484ca28df46b6bbc6f2) Importer(2089858483,0ecaa5967403d082aa24f35e1b516d23)
Start importing Assets/YandexGame/ScriptsYG/Editor/Icons/Icon_YandexGame.png using Guid(75e2137d812e0484ca28df46b6bbc6f2) Importer(2089858483,0ecaa5967403d082aa24f35e1b516d23) Generated GUIDs only implemented for interfaces!
 -> (artifact id: '6fa47b9ca3e37d0a555a26a4882a79b4') in 0.029391 seconds
Number of updated asset objects reloaded before import = 0
Number of asset objects unloaded after import = 1
========================================================================
Received Import Request.
  Time since last request: 0.000026 seconds.
  path: Assets/YandexGame/ScriptsYG/Editor/Utils/DefineSymbols.cs
  artifactKey: Guid(81e00845a563cb142aba772859940c67) Importer(2089858483,0ecaa5967403d082aa24f35e1b516d23)
Start importing Assets/YandexGame/ScriptsYG/Editor/Utils/DefineSymbols.cs using Guid(81e00845a563cb142aba772859940c67) Importer(2089858483,0ecaa5967403d082aa24f35e1b516d23) Generated GUIDs only implemented for interfaces!
 -> (artifact id: '28e041c93790e5205f1a85d49f965d43') in 0.012900 seconds
Number of updated asset objects reloaded before import = 0
Number of asset objects unloaded after import = 1
========================================================================
Received Import Request.
  Time since last request: 0.000041 seconds.
  path: Assets/WebGLTemplates/LICENSE.txt
  artifactKey: Guid(47943f60e0bf83842b57ea4052f2a2d3) Importer(2089858483,0ecaa5967403d082aa24f35e1b516d23)
Start importing Assets/WebGLTemplates/LICENSE.txt using Guid(47943f60e0bf83842b57ea4052f2a2d3) Importer(2089858483,0ecaa5967403d082aa24f35e1b516d23) Generated GUIDs only implemented for interfaces!
 -> (artifact id: '100dec859efe8193fd5ff551c31d3f8d') in 0.011271 seconds
Number of updated asset objects reloaded before import = 0
Number of asset objects unloaded after import = 1
========================================================================
Received Import Request.
  Time since last request: 0.000045 seconds.
  path: Assets/YandexGame/Prefabs/Banners/RBT6.prefab
  artifactKey: Guid(39a0d2d92def7ea4fa400f143574ef64) Importer(2089858483,0ecaa5967403d082aa24f35e1b516d23)
Start importing Assets/YandexGame/Prefabs/Banners/RBT6.prefab using Guid(39a0d2d92def7ea4fa400f143574ef64) Importer(2089858483,0ecaa5967403d082aa24f35e1b516d23) Generated GUIDs only implemented for interfaces!
 -> (artifact id: 'd72b41bf30f006d8bdfdca2ca682e133') in 0.020417 seconds
Number of updated asset objects reloaded before import = 0
Number of asset objects unloaded after import = 12
========================================================================
Received Import Request.
  Time since last request: 0.000022 seconds.
  path: Assets/Settings/HDRPDefaultResources/HDRenderPipelineGlobalSettings.asset
  artifactKey: Guid(ac0316ca287ba459492b669ff1317a6f) Importer(2089858483,0ecaa5967403d082aa24f35e1b516d23)
Start importing Assets/Settings/HDRPDefaultResources/HDRenderPipelineGlobalSettings.asset using Guid(ac0316ca287ba459492b669ff1317a6f) Importer(2089858483,0ecaa5967403d082aa24f35e1b516d23) Generated GUIDs only implemented for interfaces!
 -> (artifact id: '7460a76e7e9b331fabddbdceea33cb41') in 0.036951 seconds
Number of updated asset objects reloaded before import = 0
Number of asset objects unloaded after import = 1
========================================================================
Received Import Request.
  Time since last request: 0.000027 seconds.
  path: Assets/YandexGame/ScriptsYG/Editor/Icons/Icon_ViewingAdsYG.png
  artifactKey: Guid(5d6bf6c13902ad54e9cdbe0a54788d33) Importer(2089858483,0ecaa5967403d082aa24f35e1b516d23)
Start importing Assets/YandexGame/ScriptsYG/Editor/Icons/Icon_ViewingAdsYG.png using Guid(5d6bf6c13902ad54e9cdbe0a54788d33) Importer(2089858483,0ecaa5967403d082aa24f35e1b516d23) Generated GUIDs only implemented for interfaces!
 -> (artifact id: 'fbaed4f7f38ce6fe46ada894b3e352a3') in 0.030727 seconds
Number of updated asset objects reloaded before import = 0
Number of asset objects unloaded after import = 1
========================================================================
Received Import Request.
  Time since last request: 0.000031 seconds.
  path: Assets/YandexGame/ScriptsYG/Payments/PurchaseYG.cs
  artifactKey: Guid(676c869f6c04b7848ae04d741545c51d) Importer(2089858483,0ecaa5967403d082aa24f35e1b516d23)
Start importing Assets/YandexGame/ScriptsYG/Payments/PurchaseYG.cs using Guid(676c869f6c04b7848ae04d741545c51d) Importer(2089858483,0ecaa5967403d082aa24f35e1b516d23) Generated GUIDs only implemented for interfaces!
 -> (artifact id: '613ad584d498068f09dae50167c8e567') in 0.014550 seconds
Number of updated asset objects reloaded before import = 0
Number of asset objects unloaded after import = 2
========================================================================
Received Import Request.
  Time since last request: 0.000019 seconds.
  path: Assets/YandexGame/Prefabs/Leaderboards/Simple LB Example.prefab
  artifactKey: Guid(7e8446452335d9046a7294bf503167e3) Importer(2089858483,0ecaa5967403d082aa24f35e1b516d23)
Start importing Assets/YandexGame/Prefabs/Leaderboards/Simple LB Example.prefab using Guid(7e8446452335d9046a7294bf503167e3) Importer(2089858483,0ecaa5967403d082aa24f35e1b516d23) Generated GUIDs only implemented for interfaces!
 -> (artifact id: '45528efafe45166509a764fe0f07c4d7') in 0.024666 seconds
Number of updated asset objects reloaded before import = 0
Number of asset objects unloaded after import = 13
========================================================================
Received Import Request.
  Time since last request: 0.000019 seconds.
  path: Assets/YandexGame/ScriptsYG/Language Translation/Editor/TranslationTableEditorWindow.cs
  artifactKey: Guid(ddad681fdebeeff45b49cc46dc9b2487) Importer(2089858483,0ecaa5967403d082aa24f35e1b516d23)
Start importing Assets/YandexGame/ScriptsYG/Language Translation/Editor/TranslationTableEditorWindow.cs using Guid(ddad681fdebeeff45b49cc46dc9b2487) Importer(2089858483,0ecaa5967403d082aa24f35e1b516d23) Generated GUIDs only implemented for interfaces!
 -> (artifact id: '652edd8c3605a7613e85bbcf5b40e87e') in 0.014289 seconds
Number of updated asset objects reloaded before import = 0
Number of asset objects unloaded after import = 1
========================================================================
Received Import Request.
  Time since last request: 0.000027 seconds.
  path: Assets/YandexGame/Manual EN PluginYG .pdf
  artifactKey: Guid(7bbd724d136023e4d951210270e8d3ce) Importer(2089858483,0ecaa5967403d082aa24f35e1b516d23)
Start importing Assets/YandexGame/Manual EN PluginYG .pdf using Guid(7bbd724d136023e4d951210270e8d3ce) Importer(2089858483,0ecaa5967403d082aa24f35e1b516d23) Generated GUIDs only implemented for interfaces!
 -> (artifact id: '046b34a93bb02f32e10afd0645a56815') in 0.012219 seconds
Number of updated asset objects reloaded before import = 0
Number of asset objects unloaded after import = 1
========================================================================
Received Import Request.
  Time since last request: 0.000081 seconds.
  path: Assets/YandexGame/Prefabs/Payments/Purchase.prefab
  artifactKey: Guid(85a12be5ffc39d349bf6dccb22596603) Importer(2089858483,0ecaa5967403d082aa24f35e1b516d23)
Start importing Assets/YandexGame/Prefabs/Payments/Purchase.prefab using Guid(85a12be5ffc39d349bf6dccb22596603) Importer(2089858483,0ecaa5967403d082aa24f35e1b516d23) Generated GUIDs only implemented for interfaces!
 -> (artifact id: 'e866c46905464aed6d453f0a426d156f') in 0.026155 seconds
Number of updated asset objects reloaded before import = 0
Number of asset objects unloaded after import = 44
========================================================================
Received Import Request.
  Time since last request: 0.000028 seconds.
  path: Assets/TutorialInfo/Scripts/Readme.cs
  artifactKey: Guid(fcf7219bab7fe46a1ad266029b2fee19) Importer(2089858483,0ecaa5967403d082aa24f35e1b516d23)
Start importing Assets/TutorialInfo/Scripts/Readme.cs using Guid(fcf7219bab7fe46a1ad266029b2fee19) Importer(2089858483,0ecaa5967403d082aa24f35e1b516d23) Generated GUIDs only implemented for interfaces!
 -> (artifact id: 'afc82b0e1cca3edc64387f5653475921') in 0.012533 seconds
Number of updated asset objects reloaded before import = 0
Number of asset objects unloaded after import = 1
========================================================================
Received Import Request.
  Time since last request: 0.000060 seconds.
  path: Assets/YandexGame/ScriptsYG/ActivityOnAuthorizationYG.cs
  artifactKey: Guid(2c28dfb5072c53b45b9cf0382629a235) Importer(2089858483,0ecaa5967403d082aa24f35e1b516d23)
Start importing Assets/YandexGame/ScriptsYG/ActivityOnAuthorizationYG.cs using Guid(2c28dfb5072c53b45b9cf0382629a235) Importer(2089858483,0ecaa5967403d082aa24f35e1b516d23) Generated GUIDs only implemented for interfaces!
 -> (artifact id: '1c01d855b536bcf4008eddcfbe2059ba') in 0.013500 seconds
Number of updated asset objects reloaded before import = 0
Number of asset objects unloaded after import = 2
========================================================================
Received Import Request.
  Time since last request: 0.000021 seconds.
  path: Assets/YandexGame/ScriptsYG/Editor/Icons/Icon_ImageLoadYG.png
  artifactKey: Guid(d75a9fd6790aa47499fe10d0e51442e1) Importer(2089858483,0ecaa5967403d082aa24f35e1b516d23)
Start importing Assets/YandexGame/ScriptsYG/Editor/Icons/Icon_ImageLoadYG.png using Guid(d75a9fd6790aa47499fe10d0e51442e1) Importer(2089858483,0ecaa5967403d082aa24f35e1b516d23) Generated GUIDs only implemented for interfaces!
 -> (artifact id: 'b91a443c20788884487b04112eb40b70') in 0.035521 seconds
Number of updated asset objects reloaded before import = 0
Number of asset objects unloaded after import = 1
========================================================================
Received Import Request.
  Time since last request: 0.000025 seconds.
  path: Assets/YandexGame/Prefabs/Review.prefab
  artifactKey: Guid(a1dfdbb0103bfba439419b727773e9b4) Importer(2089858483,0ecaa5967403d082aa24f35e1b516d23)
Start importing Assets/YandexGame/Prefabs/Review.prefab using Guid(a1dfdbb0103bfba439419b727773e9b4) Importer(2089858483,0ecaa5967403d082aa24f35e1b516d23) Generated GUIDs only implemented for interfaces!
 -> (artifact id: 'b9ae40b414e86ef863a82c05420eece7') in 0.024606 seconds
Number of updated asset objects reloaded before import = 0
Number of asset objects unloaded after import = 24
========================================================================
Received Import Request.
  Time since last request: 0.000023 seconds.
  path: Assets/YandexGame/Fonts/Roboto-Regular.ttf
  artifactKey: Guid(82cc91725ab2f0c41920038a250d768b) Importer(2089858483,0ecaa5967403d082aa24f35e1b516d23)
Start importing Assets/YandexGame/Fonts/Roboto-Regular.ttf using Guid(82cc91725ab2f0c41920038a250d768b) Importer(2089858483,0ecaa5967403d082aa24f35e1b516d23) Generated GUIDs only implemented for interfaces!
 -> (artifact id: '9b8bb716325d757850a187e1668162f5') in 0.027862 seconds
Number of updated asset objects reloaded before import = 0
Number of asset objects unloaded after import = 3
========================================================================
Received Import Request.
  Time since last request: 0.000025 seconds.
  path: Assets/YandexGame/WorkingData/InfoYG.asset
  artifactKey: Guid(162644796a8b0d044bce3d6fda0641e3) Importer(2089858483,0ecaa5967403d082aa24f35e1b516d23)
Start importing Assets/YandexGame/WorkingData/InfoYG.asset using Guid(162644796a8b0d044bce3d6fda0641e3) Importer(2089858483,0ecaa5967403d082aa24f35e1b516d23) Generated GUIDs only implemented for interfaces!
 -> (artifact id: 'a9cc495af9f5fe8d4c242cd173b78e0e') in 0.056674 seconds
Number of updated asset objects reloaded before import = 0
Number of asset objects unloaded after import = 1
========================================================================
Received Import Request.
  Time since last request: 0.000041 seconds.
  path: Assets/YandexGame/ScriptsYG/YandexGame.cs
  artifactKey: Guid(404d6214ebdd58d43a94c7ed650dc2f1) Importer(2089858483,0ecaa5967403d082aa24f35e1b516d23)
Start importing Assets/YandexGame/ScriptsYG/YandexGame.cs using Guid(404d6214ebdd58d43a94c7ed650dc2f1) Importer(2089858483,0ecaa5967403d082aa24f35e1b516d23) Generated GUIDs only implemented for interfaces!
 -> (artifact id: '1cdb8f1ad0dbfc67c41c6541119c076e') in 0.013524 seconds
Number of updated asset objects reloaded before import = 0
Number of asset objects unloaded after import = 2
========================================================================
Received Import Request.
  Time since last request: 0.000020 seconds.
  path: Assets/YandexGame/Example/Scripts/YandexMetricaExample.cs
  artifactKey: Guid(fda5e2c864db5b54788564a4daa20183) Importer(2089858483,0ecaa5967403d082aa24f35e1b516d23)
Start importing Assets/YandexGame/Example/Scripts/YandexMetricaExample.cs using Guid(fda5e2c864db5b54788564a4daa20183) Importer(2089858483,0ecaa5967403d082aa24f35e1b516d23) Generated GUIDs only implemented for interfaces!
 -> (artifact id: 'a8a6707b9e0f30adac2492be26da013d') in 0.013188 seconds
Number of updated asset objects reloaded before import = 0
Number of asset objects unloaded after import = 1
========================================================================
Received Import Request.
  Time since last request: 0.000021 seconds.
  path: Assets/YandexGame/ScriptsYG/YandexMetrica/YandexMetrica.cs
  artifactKey: Guid(4b807beff3bf4df498c4309ad4cd199a) Importer(2089858483,0ecaa5967403d082aa24f35e1b516d23)
Start importing Assets/YandexGame/ScriptsYG/YandexMetrica/YandexMetrica.cs using Guid(4b807beff3bf4df498c4309ad4cd199a) Importer(2089858483,0ecaa5967403d082aa24f35e1b516d23) Generated GUIDs only implemented for interfaces!
 -> (artifact id: 'dde1ca3e51409b18e752ebca475dcbab') in 0.013813 seconds
Number of updated asset objects reloaded before import = 0
Number of asset objects unloaded after import = 1
========================================================================
Received Import Request.
  Time since last request: 0.000075 seconds.
  path: Assets/YandexGame/ScriptsYG/Payments/UtilsPayments.cs
  artifactKey: Guid(8d61aae4ecb681b489f1ed236e2e6753) Importer(2089858483,0ecaa5967403d082aa24f35e1b516d23)
Start importing Assets/YandexGame/ScriptsYG/Payments/UtilsPayments.cs using Guid(8d61aae4ecb681b489f1ed236e2e6753) Importer(2089858483,0ecaa5967403d082aa24f35e1b516d23) Generated GUIDs only implemented for interfaces!
 -> (artifact id: 'a01635cae6868b39f880a9c0c680d07e') in 0.011980 seconds
Number of updated asset objects reloaded before import = 0
Number of asset objects unloaded after import = 1
========================================================================
Received Import Request.
  Time since last request: 0.000163 seconds.
  path: Assets/YandexGame/ScriptsYG/CustomRBT/Editor/BannerYGEditor.cs
  artifactKey: Guid(2f512c6b9fc42b046b2673160bfe1b2a) Importer(2089858483,0ecaa5967403d082aa24f35e1b516d23)
Start importing Assets/YandexGame/ScriptsYG/CustomRBT/Editor/BannerYGEditor.cs using Guid(2f512c6b9fc42b046b2673160bfe1b2a) Importer(2089858483,0ecaa5967403d082aa24f35e1b516d23) Generated GUIDs only implemented for interfaces!
 -> (artifact id: '87c2bf8949cd9160352b358dc56d97a2') in 0.016450 seconds
Number of updated asset objects reloaded before import = 0
Number of asset objects unloaded after import = 1
========================================================================
Received Import Request.
  Time since last request: 0.000025 seconds.
  path: Assets/TutorialInfo/Scripts/Editor/ReadmeEditor.cs
  artifactKey: Guid(476cc7d7cd9874016adc216baab94a0a) Importer(2089858483,0ecaa5967403d082aa24f35e1b516d23)
Start importing Assets/TutorialInfo/Scripts/Editor/ReadmeEditor.cs using Guid(476cc7d7cd9874016adc216baab94a0a) Importer(2089858483,0ecaa5967403d082aa24f35e1b516d23) Generated GUIDs only implemented for interfaces!
 -> (artifact id: '85d1ef2153b75d414949aa1c1ba0996c') in 0.014580 seconds
Number of updated asset objects reloaded before import = 0
Number of asset objects unloaded after import = 1
========================================================================
Received Import Request.
  Time since last request: 0.000032 seconds.
  path: Assets/YandexGame/ScriptsYG/Editor/PostProcessBuild/ModifyIndexFile/SaveQuitGame.js
  artifactKey: Guid(65bfac82b24146c4d825f2ef28c09b56) Importer(2089858483,0ecaa5967403d082aa24f35e1b516d23)
Start importing Assets/YandexGame/ScriptsYG/Editor/PostProcessBuild/ModifyIndexFile/SaveQuitGame.js using Guid(65bfac82b24146c4d825f2ef28c09b56) Importer(2089858483,0ecaa5967403d082aa24f35e1b516d23) Generated GUIDs only implemented for interfaces!
 -> (artifact id: 'cb654397fe00a72d2c37d87c90317ce1') in 0.012241 seconds
Number of updated asset objects reloaded before import = 0
Number of asset objects unloaded after import = 1
========================================================================
Received Import Request.
  Time since last request: 0.000021 seconds.
  path: Assets/YandexGame/Readme.txt
  artifactKey: Guid(c843f4e7c77ec6848bc78b65164de94f) Importer(2089858483,0ecaa5967403d082aa24f35e1b516d23)
Start importing Assets/YandexGame/Readme.txt using Guid(c843f4e7c77ec6848bc78b65164de94f) Importer(2089858483,0ecaa5967403d082aa24f35e1b516d23) Generated GUIDs only implemented for interfaces!
 -> (artifact id: '86b55c745af5601b19c062507d436d74') in 0.010657 seconds
Number of updated asset objects reloaded before import = 0
Number of asset objects unloaded after import = 1
========================================================================
Received Import Request.
  Time since last request: 0.000079 seconds.
  path: Assets/YandexGame/Prefabs/ErrorRewardedAdMessage.prefab
  artifactKey: Guid(2422ca04357c6fc40b89246bec478c26) Importer(2089858483,0ecaa5967403d082aa24f35e1b516d23)
Start importing Assets/YandexGame/Prefabs/ErrorRewardedAdMessage.prefab using Guid(2422ca04357c6fc40b89246bec478c26) Importer(2089858483,0ecaa5967403d082aa24f35e1b516d23) Generated GUIDs only implemented for interfaces!
 -> (artifact id: '74584fbf4a016b67506141e7054892d1') in 0.034958 seconds
Number of updated asset objects reloaded before import = 0
Number of asset objects unloaded after import = 42
========================================================================
Received Import Request.
  Time since last request: 0.000023 seconds.
  path: Assets/YandexGame/ScriptsYG/Editor/Icons/Icon_PromptYG.png
  artifactKey: Guid(799b4d7211b75a047a9a47885bd0bc2e) Importer(2089858483,0ecaa5967403d082aa24f35e1b516d23)
Start importing Assets/YandexGame/ScriptsYG/Editor/Icons/Icon_PromptYG.png using Guid(799b4d7211b75a047a9a47885bd0bc2e) Importer(2089858483,0ecaa5967403d082aa24f35e1b516d23) Generated GUIDs only implemented for interfaces!
 -> (artifact id: 'aeb4a2f0b00ceb60a80ecfa8c93f6c18') in 0.030693 seconds
Number of updated asset objects reloaded before import = 0
Number of asset objects unloaded after import = 1
========================================================================
Received Import Request.
  Time since last request: 0.000035 seconds.
  path: Assets/YandexGame/ScriptsYG/Editor/PostProcessBuild/BuildLog.cs
  artifactKey: Guid(41b17c27a545bc242951b1f605e78ae1) Importer(2089858483,0ecaa5967403d082aa24f35e1b516d23)
Start importing Assets/YandexGame/ScriptsYG/Editor/PostProcessBuild/BuildLog.cs using Guid(41b17c27a545bc242951b1f605e78ae1) Importer(2089858483,0ecaa5967403d082aa24f35e1b516d23) Generated GUIDs only implemented for interfaces!
 -> (artifact id: '3a06fc7ce02d9f39f213f7d0f9d9905d') in 0.013741 seconds
Number of updated asset objects reloaded before import = 0
Number of asset objects unloaded after import = 1
========================================================================
Received Import Request.
  Time since last request: 0.000040 seconds.
  path: Assets/YandexGame/Prefabs/Banners/RBT1.prefab
  artifactKey: Guid(d74f3cd7d2c101247b04e292d5eb7870) Importer(2089858483,0ecaa5967403d082aa24f35e1b516d23)
Start importing Assets/YandexGame/Prefabs/Banners/RBT1.prefab using Guid(d74f3cd7d2c101247b04e292d5eb7870) Importer(2089858483,0ecaa5967403d082aa24f35e1b516d23) Generated GUIDs only implemented for interfaces!
 -> (artifact id: '48cb8f68d5d44dae6e7b254ff6a425c5') in 0.025960 seconds
Number of updated asset objects reloaded before import = 0
Number of asset objects unloaded after import = 12
========================================================================
Received Import Request.
  Time since last request: 0.000022 seconds.
  path: Assets/YandexGame/Plugins/YandexProvider.jslib
  artifactKey: Guid(8e24118a2f13f3e40958f8d398d2b692) Importer(2089858483,0ecaa5967403d082aa24f35e1b516d23)
Start importing Assets/YandexGame/Plugins/YandexProvider.jslib using Guid(8e24118a2f13f3e40958f8d398d2b692) Importer(2089858483,0ecaa5967403d082aa24f35e1b516d23) Generated GUIDs only implemented for interfaces!
 -> (artifact id: 'dee7649848d2906679027a2870784eef') in 0.014979 seconds
Number of updated asset objects reloaded before import = 0
Number of asset objects unloaded after import = 1
========================================================================
Received Import Request.
  Time since last request: 0.000043 seconds.
  path: Assets/YandexGame/ScriptsYG/GraphicSettingsYG.cs
  artifactKey: Guid(c4127a0db2d06d94f9cb82abf81f1147) Importer(2089858483,0ecaa5967403d082aa24f35e1b516d23)
Start importing Assets/YandexGame/ScriptsYG/GraphicSettingsYG.cs using Guid(c4127a0db2d06d94f9cb82abf81f1147) Importer(2089858483,0ecaa5967403d082aa24f35e1b516d23) Generated GUIDs only implemented for interfaces!
 -> (artifact id: 'd3b12b7afc0aac7974443aaac05693c3') in 0.012727 seconds
Number of updated asset objects reloaded before import = 0
Number of asset objects unloaded after import = 2
========================================================================
Received Import Request.
  Time since last request: 74.220484 seconds.
  path: Assets/WebGLTemplates
  artifactKey: Guid(576a0821a2a164f4aa986e077cdb9a5a) Importer(815301076,1909f56bfc062723c751e8b465ee728b)
Start importing Assets/WebGLTemplates using Guid(576a0821a2a164f4aa986e077cdb9a5a) Importer(815301076,1909f56bfc062723c751e8b465ee728b)  -> (artifact id: '494e9ef4738eb36f47665e392a526bbd') in 0.000675 seconds
Number of updated asset objects reloaded before import = 0
Number of asset objects unloaded after import = 0
========================================================================
Received Import Request.
  Time since last request: 1.078554 seconds.
  path: Assets/WebGLTemplates/PluginYG
  artifactKey: Guid(c43ad216ce9854447a479fa601dec58d) Importer(815301076,1909f56bfc062723c751e8b465ee728b)
Start importing Assets/WebGLTemplates/PluginYG using Guid(c43ad216ce9854447a479fa601dec58d) Importer(815301076,1909f56bfc062723c751e8b465ee728b)  -> (artifact id: '1e6f5f72f1ee6f4e9f532d64f5dc7bde') in 0.000595 seconds
Number of updated asset objects reloaded before import = 0
Number of asset objects unloaded after import = 0
